# JRE version: OpenJDK Runtime Environment (17.0.6) (build 17.0.6+0-b2043.56-10027231)
# Java VM: OpenJDK 64-Bit Server VM (17.0.6+0-b2043.56-10027231, mixed mode, tiered, compressed oops, compressed class ptrs, g1 gc, windows-amd64)
GC Precious Log:
 CPUs: 16 total, 16 available
 Memory: 15613M
 Large Page Support: Disabled
 NUMA Support: Disabled
 Compressed Oops: Enabled (32-bit)
 Heap Region Size: 1M
 Heap Min Capacity: 8M
 Heap Initial Capacity: 244M
 Heap Max Capacity: 2G
 Pre-touch: Disabled
 Parallel Workers: 13
 Concurrent Workers: 3
 Concurrent Refinement Workers: 13
 Periodic GC: Disabled
Heap:
 garbage-first heap   total 285696K, used 222499K [0x0000000080000000, 0x0000000100000000)
  region size 1024K, 3 young (3072K), 3 survivors (3072K)
 Metaspace       used 100614K, committed 101376K, reserved 1138688K
  class space    used 13976K, committed 14336K, reserved 1048576K
GC Heap History (20 events):
Event: 6.173 GC heap after
{Heap after GC invocations=29 (full 0):
 garbage-first heap   total 136192K, used 73790K [0x0000000080000000, 0x0000000100000000)
  region size 1024K, 6 young (6144K), 6 survivors (6144K)
 Metaspace       used 82615K, committed 83264K, reserved 1122304K
  class space    used 11195K, committed 11520K, reserved 1048576K
}
Event: 6.439 GC heap before
{Heap before GC invocations=30 (full 0):
 garbage-first heap   total 136192K, used 107582K [0x0000000080000000, 0x0000000100000000)
  region size 1024K, 40 young (40960K), 6 survivors (6144K)
 Metaspace       used 85205K, committed 85888K, reserved 1130496K
  class space    used 11782K, committed 12096K, reserved 1048576K
}
Event: 6.442 GC heap after
{Heap after GC invocations=31 (full 0):
 garbage-first heap   total 136192K, used 77841K [0x0000000080000000, 0x0000000100000000)
  region size 1024K, 4 young (4096K), 4 survivors (4096K)
 Metaspace       used 85205K, committed 85888K, reserved 1130496K
  class space    used 11782K, committed 12096K, reserved 1048576K
}
Event: 6.447 GC heap before
{Heap before GC invocations=31 (full 0):
 garbage-first heap   total 136192K, used 79889K [0x0000000080000000, 0x0000000100000000)
  region size 1024K, 6 young (6144K), 4 survivors (4096K)
 Metaspace       used 85218K, committed 85888K, reserved 1130496K
  class space    used 11782K, committed 12096K, reserved 1048576K
}
Event: 6.448 GC heap after
{Heap after GC invocations=32 (full 0):
 garbage-first heap   total 136192K, used 78282K [0x0000000080000000, 0x0000000100000000)
  region size 1024K, 1 young (1024K), 1 survivors (1024K)
 Metaspace       used 85218K, committed 85888K, reserved 1130496K
  class space    used 11782K, committed 12096K, reserved 1048576K
}
Event: 6.508 GC heap before
{Heap before GC invocations=32 (full 0):
 garbage-first heap   total 136192K, used 109002K [0x0000000080000000, 0x0000000100000000)
  region size 1024K, 32 young (32768K), 1 survivors (1024K)
 Metaspace       used 85330K, committed 86016K, reserved 1130496K
  class space    used 11783K, committed 12096K, reserved 1048576K
}
Event: 6.511 GC heap after
{Heap after GC invocations=33 (full 0):
 garbage-first heap   total 281600K, used 80748K [0x0000000080000000, 0x0000000100000000)
  region size 1024K, 4 young (4096K), 4 survivors (4096K)
 Metaspace       used 85330K, committed 86016K, reserved 1130496K
  class space    used 11783K, committed 12096K, reserved 1048576K
}
Event: 7.084 GC heap before
{Heap before GC invocations=34 (full 0):
 garbage-first heap   total 281600K, used 225132K [0x0000000080000000, 0x0000000100000000)
  region size 1024K, 145 young (148480K), 4 survivors (4096K)
 Metaspace       used 87990K, committed 88640K, reserved 1130496K
  class space    used 12007K, committed 12288K, reserved 1048576K
}
Event: 7.090 GC heap after
{Heap after GC invocations=35 (full 0):
 garbage-first heap   total 281600K, used 89994K [0x0000000080000000, 0x0000000100000000)
  region size 1024K, 13 young (13312K), 13 survivors (13312K)
 Metaspace       used 87990K, committed 88640K, reserved 1130496K
  class space    used 12007K, committed 12288K, reserved 1048576K
}
Event: 7.091 GC heap before
{Heap before GC invocations=35 (full 0):
 garbage-first heap   total 281600K, used 91018K [0x0000000080000000, 0x0000000100000000)
  region size 1024K, 14 young (14336K), 13 survivors (13312K)
 Metaspace       used 87995K, committed 88640K, reserved 1130496K
  class space    used 12007K, committed 12288K, reserved 1048576K
}
Event: 7.095 GC heap after
{Heap after GC invocations=36 (full 0):
 garbage-first heap   total 281600K, used 90873K [0x0000000080000000, 0x0000000100000000)
  region size 1024K, 2 young (2048K), 2 survivors (2048K)
 Metaspace       used 87995K, committed 88640K, reserved 1130496K
  class space    used 12007K, committed 12288K, reserved 1048576K
}
Event: 7.586 GC heap before
{Heap before GC invocations=36 (full 0):
 garbage-first heap   total 281600K, used 254713K [0x0000000080000000, 0x0000000100000000)
  region size 1024K, 121 young (123904K), 2 survivors (2048K)
 Metaspace       used 94723K, committed 95360K, reserved 1138688K
  class space    used 12937K, committed 13248K, reserved 1048576K
}
Event: 7.595 GC heap after
{Heap after GC invocations=37 (full 0):
 garbage-first heap   total 285696K, used 142475K [0x0000000080000000, 0x0000000100000000)
  region size 1024K, 16 young (16384K), 16 survivors (16384K)
 Metaspace       used 94723K, committed 95360K, reserved 1138688K
  class space    used 12937K, committed 13248K, reserved 1048576K
}
Event: 7.821 GC heap before
{Heap before GC invocations=37 (full 0):
 garbage-first heap   total 285696K, used 220299K [0x0000000080000000, 0x0000000100000000)
  region size 1024K, 91 young (93184K), 16 survivors (16384K)
 Metaspace       used 98361K, committed 99008K, reserved 1138688K
  class space    used 13671K, committed 13952K, reserved 1048576K
}
Event: 7.836 GC heap after
{Heap after GC invocations=38 (full 0):
 garbage-first heap   total 285696K, used 173507K [0x0000000080000000, 0x0000000100000000)
  region size 1024K, 12 young (12288K), 12 survivors (12288K)
 Metaspace       used 98361K, committed 99008K, reserved 1138688K
  class space    used 13671K, committed 13952K, reserved 1048576K
}
Event: 7.891 GC heap before
{Heap before GC invocations=38 (full 0):
 garbage-first heap   total 285696K, used 221635K [0x0000000080000000, 0x0000000100000000)
  region size 1024K, 59 young (60416K), 12 survivors (12288K)
 Metaspace       used 98506K, committed 99136K, reserved 1138688K
  class space    used 13684K, committed 13952K, reserved 1048576K
}
Event: 7.905 GC heap after
{Heap after GC invocations=39 (full 0):
 garbage-first heap   total 285696K, used 198529K [0x0000000080000000, 0x0000000100000000)
  region size 1024K, 8 young (8192K), 8 survivors (8192K)
 Metaspace       used 98506K, committed 99136K, reserved 1138688K
  class space    used 13684K, committed 13952K, reserved 1048576K
}
Event: 7.944 GC heap before
{Heap before GC invocations=39 (full 0):
 garbage-first heap   total 285696K, used 227201K [0x0000000080000000, 0x0000000100000000)
  region size 1024K, 37 young (37888K), 8 survivors (8192K)
 Metaspace       used 98629K, committed 99264K, reserved 1138688K
  class space    used 13689K, committed 13952K, reserved 1048576K
}
Event: 7.952 GC heap after
{Heap after GC invocations=40 (full 0):
 garbage-first heap   total 285696K, used 215040K [0x0000000080000000, 0x0000000100000000)
  region size 1024K, 5 young (5120K), 5 survivors (5120K)
 Metaspace       used 98629K, committed 99264K, reserved 1138688K
  class space    used 13689K, committed 13952K, reserved 1048576K
}
Event: 8.146 GC heap before
{Heap before GC invocations=40 (full 0):
 garbage-first heap   total 285696K, used 234496K [0x0000000080000000, 0x0000000100000000)
  region size 1024K, 24 young (24576K), 5 survivors (5120K)
 Metaspace       used 100614K, committed 101376K, reserved 1138688K
  class space    used 13976K, committed 14336K, reserved 1048576K
}

