# JRE version: OpenJDK Runtime Environment (17.0.6) (build 17.0.6+0-b2043.56-10027231)
# Java VM: OpenJDK 64-Bit Server VM (17.0.6+0-b2043.56-10027231, mixed mode, tiered, compressed oops, compressed class ptrs, g1 gc, windows-amd64)
GC Precious Log:
 CPUs: 16 total, 16 available
 Memory: 15613M
 Large Page Support: Disabled
 NUMA Support: Disabled
 Compressed Oops: Enabled (32-bit)
 Heap Region Size: 1M
 Heap Min Capacity: 8M
 Heap Initial Capacity: 244M
 Heap Max Capacity: 2G
 Pre-touch: Disabled
 Parallel Workers: 13
 Concurrent Workers: 3
 Concurrent Refinement Workers: 13
 Periodic GC: Disabled
Heap:
 garbage-first heap   total 109568K, used 58994K [0x0000000080000000, 0x0000000100000000)
  region size 1024K, 3 young (3072K), 3 survivors (3072K)
 Metaspace       used 69366K, committed 69888K, reserved 1114112K
  class space    used 9148K, committed 9408K, reserved 1048576K
GC Heap History (20 events):
Event: 3.525 GC heap after
{Heap after GC invocations=17 (full 0):
 garbage-first heap   total 65536K, used 33969K [0x0000000080000000, 0x0000000100000000)
  region size 1024K, 2 young (2048K), 2 survivors (2048K)
 Metaspace       used 50973K, committed 51456K, reserved 1097728K
  class space    used 6750K, committed 6976K, reserved 1048576K
}
Event: 3.645 GC heap before
{Heap before GC invocations=18 (full 0):
 garbage-first heap   total 65536K, used 50353K [0x0000000080000000, 0x0000000100000000)
  region size 1024K, 19 young (19456K), 2 survivors (2048K)
 Metaspace       used 51594K, committed 52032K, reserved 1097728K
  class space    used 6797K, committed 6976K, reserved 1048576K
}
Event: 3.647 GC heap after
{Heap after GC invocations=19 (full 0):
 garbage-first heap   total 105472K, used 35574K [0x0000000080000000, 0x0000000100000000)
  region size 1024K, 3 young (3072K), 3 survivors (3072K)
 Metaspace       used 51594K, committed 52032K, reserved 1097728K
  class space    used 6797K, committed 6976K, reserved 1048576K
}
Event: 3.657 GC heap before
{Heap before GC invocations=19 (full 0):
 garbage-first heap   total 105472K, used 37622K [0x0000000080000000, 0x0000000100000000)
  region size 1024K, 5 young (5120K), 3 survivors (3072K)
 Metaspace       used 51632K, committed 52032K, reserved 1097728K
  class space    used 6800K, committed 6976K, reserved 1048576K
}
Event: 3.659 GC heap after
{Heap after GC invocations=20 (full 0):
 garbage-first heap   total 105472K, used 35855K [0x0000000080000000, 0x0000000100000000)
  region size 1024K, 1 young (1024K), 1 survivors (1024K)
 Metaspace       used 51632K, committed 52032K, reserved 1097728K
  class space    used 6800K, committed 6976K, reserved 1048576K
}
Event: 4.058 GC heap before
{Heap before GC invocations=20 (full 0):
 garbage-first heap   total 105472K, used 83983K [0x0000000080000000, 0x0000000100000000)
  region size 1024K, 45 young (46080K), 1 survivors (1024K)
 Metaspace       used 55805K, committed 56256K, reserved 1105920K
  class space    used 7373K, committed 7552K, reserved 1048576K
}
Event: 4.060 GC heap after
{Heap after GC invocations=21 (full 0):
 garbage-first heap   total 105472K, used 46732K [0x0000000080000000, 0x0000000100000000)
  region size 1024K, 6 young (6144K), 6 survivors (6144K)
 Metaspace       used 55805K, committed 56256K, reserved 1105920K
  class space    used 7373K, committed 7552K, reserved 1048576K
}
Event: 4.444 GC heap before
{Heap before GC invocations=21 (full 0):
 garbage-first heap   total 105472K, used 80524K [0x0000000080000000, 0x0000000100000000)
  region size 1024K, 40 young (40960K), 6 survivors (6144K)
 Metaspace       used 61782K, committed 62336K, reserved 1105920K
  class space    used 8156K, committed 8384K, reserved 1048576K
}
Event: 4.447 GC heap after
{Heap after GC invocations=22 (full 0):
 garbage-first heap   total 105472K, used 48816K [0x0000000080000000, 0x0000000100000000)
  region size 1024K, 2 young (2048K), 2 survivors (2048K)
 Metaspace       used 61782K, committed 62336K, reserved 1105920K
  class space    used 8156K, committed 8384K, reserved 1048576K
}
Event: 4.507 GC heap before
{Heap before GC invocations=22 (full 0):
 garbage-first heap   total 105472K, used 52912K [0x0000000080000000, 0x0000000100000000)
  region size 1024K, 7 young (7168K), 2 survivors (2048K)
 Metaspace       used 63114K, committed 63680K, reserved 1105920K
  class space    used 8299K, committed 8576K, reserved 1048576K
}
Event: 4.509 GC heap after
{Heap after GC invocations=23 (full 0):
 garbage-first heap   total 105472K, used 49867K [0x0000000080000000, 0x0000000100000000)
  region size 1024K, 3 young (3072K), 3 survivors (3072K)
 Metaspace       used 63114K, committed 63680K, reserved 1105920K
  class space    used 8299K, committed 8576K, reserved 1048576K
}
Event: 4.513 GC heap before
{Heap before GC invocations=23 (full 0):
 garbage-first heap   total 105472K, used 52939K [0x0000000080000000, 0x0000000100000000)
  region size 1024K, 7 young (7168K), 3 survivors (3072K)
 Metaspace       used 63114K, committed 63680K, reserved 1105920K
  class space    used 8299K, committed 8576K, reserved 1048576K
}
Event: 4.515 GC heap after
{Heap after GC invocations=24 (full 0):
 garbage-first heap   total 105472K, used 52621K [0x0000000080000000, 0x0000000100000000)
  region size 1024K, 4 young (4096K), 4 survivors (4096K)
 Metaspace       used 63114K, committed 63680K, reserved 1105920K
  class space    used 8299K, committed 8576K, reserved 1048576K
}
Event: 4.687 GC heap before
{Heap before GC invocations=25 (full 0):
 garbage-first heap   total 109568K, used 78221K [0x0000000080000000, 0x0000000100000000)
  region size 1024K, 25 young (25600K), 4 survivors (4096K)
 Metaspace       used 64600K, committed 65152K, reserved 1105920K
  class space    used 8500K, committed 8768K, reserved 1048576K
}
Event: 4.688 GC heap after
{Heap after GC invocations=26 (full 0):
 garbage-first heap   total 109568K, used 52453K [0x0000000080000000, 0x0000000100000000)
  region size 1024K, 2 young (2048K), 2 survivors (2048K)
 Metaspace       used 64600K, committed 65152K, reserved 1105920K
  class space    used 8500K, committed 8768K, reserved 1048576K
}
Event: 4.905 GC heap before
{Heap before GC invocations=26 (full 0):
 garbage-first heap   total 109568K, used 79077K [0x0000000080000000, 0x0000000100000000)
  region size 1024K, 28 young (28672K), 2 survivors (2048K)
 Metaspace       used 67154K, committed 67712K, reserved 1114112K
  class space    used 8826K, committed 9088K, reserved 1048576K
}
Event: 4.907 GC heap after
{Heap after GC invocations=27 (full 0):
 garbage-first heap   total 109568K, used 54140K [0x0000000080000000, 0x0000000100000000)
  region size 1024K, 4 young (4096K), 4 survivors (4096K)
 Metaspace       used 67154K, committed 67712K, reserved 1114112K
  class space    used 8826K, committed 9088K, reserved 1048576K
}
Event: 5.014 GC heap before
{Heap before GC invocations=28 (full 0):
 garbage-first heap   total 109568K, used 80764K [0x0000000080000000, 0x0000000100000000)
  region size 1024K, 30 young (30720K), 4 survivors (4096K)
 Metaspace       used 67323K, committed 67840K, reserved 1114112K
  class space    used 8859K, committed 9088K, reserved 1048576K
}
Event: 5.016 GC heap after
{Heap after GC invocations=29 (full 0):
 garbage-first heap   total 109568K, used 56627K [0x0000000080000000, 0x0000000100000000)
  region size 1024K, 4 young (4096K), 4 survivors (4096K)
 Metaspace       used 67323K, committed 67840K, reserved 1114112K
  class space    used 8859K, committed 9088K, reserved 1048576K
}
Event: 5.231 GC heap before
{Heap before GC invocations=29 (full 0):
 garbage-first heap   total 109568K, used 80179K [0x0000000080000000, 0x0000000100000000)
  region size 1024K, 29 young (29696K), 4 survivors (4096K)
 Metaspace       used 69366K, committed 69888K, reserved 1114112K
  class space    used 9148K, committed 9408K, reserved 1048576K
}

