# JRE version: OpenJDK Runtime Environment (17.0.6) (build 17.0.6+0-b2043.56-10027231)
# Java VM: OpenJDK 64-Bit Server VM (17.0.6+0-b2043.56-10027231, mixed mode, tiered, compressed oops, compressed class ptrs, g1 gc, windows-amd64)
GC Precious Log:
 CPUs: 16 total, 16 available
 Memory: 15613M
 Large Page Support: Disabled
 NUMA Support: Disabled
 Compressed Oops: Enabled (32-bit)
 Heap Region Size: 1M
 Heap Min Capacity: 8M
 Heap Initial Capacity: 244M
 Heap Max Capacity: 2G
 Pre-touch: Disabled
 Parallel Workers: 13
 Concurrent Workers: 3
 Concurrent Refinement Workers: 13
 Periodic GC: Disabled
Heap:
 garbage-first heap   total 171008K, used 92316K [0x0000000080000000, 0x0000000100000000)
  region size 1024K, 7 young (7168K), 7 survivors (7168K)
 Metaspace       used 91296K, committed 91968K, reserved 1130496K
  class space    used 12528K, committed 12864K, reserved 1048576K
GC Heap History (20 events):
Event: 11.389 GC heap after
{Heap after GC invocations=42 (full 0):
 garbage-first heap   total 128000K, used 63349K [0x0000000080000000, 0x0000000100000000)
  region size 1024K, 5 young (5120K), 5 survivors (5120K)
 Metaspace       used 74787K, committed 75328K, reserved 1122304K
  class space    used 10146K, committed 10368K, reserved 1048576K
}
Event: 12.197 GC heap before
{Heap before GC invocations=43 (full 0):
 garbage-first heap   total 128000K, used 99189K [0x0000000080000000, 0x0000000100000000)
  region size 1024K, 40 young (40960K), 5 survivors (5120K)
 Metaspace       used 76834K, committed 77440K, reserved 1122304K
  class space    used 10506K, committed 10752K, reserved 1048576K
}
Event: 12.201 GC heap after
{Heap after GC invocations=44 (full 0):
 garbage-first heap   total 128000K, used 66455K [0x0000000080000000, 0x0000000100000000)
  region size 1024K, 3 young (3072K), 3 survivors (3072K)
 Metaspace       used 76834K, committed 77440K, reserved 1122304K
  class space    used 10506K, committed 10752K, reserved 1048576K
}
Event: 13.491 GC heap before
{Heap before GC invocations=44 (full 0):
 garbage-first heap   total 128000K, used 100247K [0x0000000080000000, 0x0000000100000000)
  region size 1024K, 37 young (37888K), 3 survivors (3072K)
 Metaspace       used 78363K, committed 78976K, reserved 1122304K
  class space    used 10702K, committed 10944K, reserved 1048576K
}
Event: 13.500 GC heap after
{Heap after GC invocations=45 (full 0):
 garbage-first heap   total 128000K, used 69233K [0x0000000080000000, 0x0000000100000000)
  region size 1024K, 5 young (5120K), 5 survivors (5120K)
 Metaspace       used 78363K, committed 78976K, reserved 1122304K
  class space    used 10702K, committed 10944K, reserved 1048576K
}
Event: 14.135 GC heap before
{Heap before GC invocations=46 (full 0):
 garbage-first heap   total 128000K, used 100977K [0x0000000080000000, 0x0000000100000000)
  region size 1024K, 37 young (37888K), 5 survivors (5120K)
 Metaspace       used 83070K, committed 83712K, reserved 1122304K
  class space    used 11383K, committed 11648K, reserved 1048576K
}
Event: 14.139 GC heap after
{Heap after GC invocations=47 (full 0):
 garbage-first heap   total 128000K, used 72054K [0x0000000080000000, 0x0000000100000000)
  region size 1024K, 3 young (3072K), 3 survivors (3072K)
 Metaspace       used 83070K, committed 83712K, reserved 1122304K
  class space    used 11383K, committed 11648K, reserved 1048576K
}
Event: 14.721 GC heap before
{Heap before GC invocations=47 (full 0):
 garbage-first heap   total 128000K, used 102774K [0x0000000080000000, 0x0000000100000000)
  region size 1024K, 33 young (33792K), 3 survivors (3072K)
 Metaspace       used 84173K, committed 84736K, reserved 1122304K
  class space    used 11527K, committed 11776K, reserved 1048576K
}
Event: 14.725 GC heap after
{Heap after GC invocations=48 (full 0):
 garbage-first heap   total 128000K, used 75759K [0x0000000080000000, 0x0000000100000000)
  region size 1024K, 5 young (5120K), 5 survivors (5120K)
 Metaspace       used 84173K, committed 84736K, reserved 1122304K
  class space    used 11527K, committed 11776K, reserved 1048576K
}
Event: 15.218 GC heap before
{Heap before GC invocations=49 (full 0):
 garbage-first heap   total 132096K, used 103407K [0x0000000080000000, 0x0000000100000000)
  region size 1024K, 32 young (32768K), 5 survivors (5120K)
 Metaspace       used 85444K, committed 86080K, reserved 1130496K
  class space    used 11649K, committed 11904K, reserved 1048576K
}
Event: 15.221 GC heap after
{Heap after GC invocations=50 (full 0):
 garbage-first heap   total 132096K, used 80041K [0x0000000080000000, 0x0000000100000000)
  region size 1024K, 4 young (4096K), 4 survivors (4096K)
 Metaspace       used 85444K, committed 86080K, reserved 1130496K
  class space    used 11649K, committed 11904K, reserved 1048576K
}
Event: 15.251 GC heap before
{Heap before GC invocations=50 (full 0):
 garbage-first heap   total 132096K, used 81065K [0x0000000080000000, 0x0000000100000000)
  region size 1024K, 6 young (6144K), 4 survivors (4096K)
 Metaspace       used 85921K, committed 86528K, reserved 1130496K
  class space    used 11695K, committed 11968K, reserved 1048576K
}
Event: 15.253 GC heap after
{Heap after GC invocations=51 (full 0):
 garbage-first heap   total 132096K, used 80444K [0x0000000080000000, 0x0000000100000000)
  region size 1024K, 1 young (1024K), 1 survivors (1024K)
 Metaspace       used 85921K, committed 86528K, reserved 1130496K
  class space    used 11695K, committed 11968K, reserved 1048576K
}
Event: 15.763 GC heap before
{Heap before GC invocations=51 (full 0):
 garbage-first heap   total 132096K, used 107068K [0x0000000080000000, 0x0000000100000000)
  region size 1024K, 28 young (28672K), 1 survivors (1024K)
 Metaspace       used 87937K, committed 88640K, reserved 1130496K
  class space    used 12128K, committed 12480K, reserved 1048576K
}
Event: 15.767 GC heap after
{Heap after GC invocations=52 (full 0):
 garbage-first heap   total 132096K, used 83416K [0x0000000080000000, 0x0000000100000000)
  region size 1024K, 4 young (4096K), 4 survivors (4096K)
 Metaspace       used 87937K, committed 88640K, reserved 1130496K
  class space    used 12128K, committed 12480K, reserved 1048576K
}
Event: 15.850 GC heap before
{Heap before GC invocations=53 (full 0):
 garbage-first heap   total 171008K, used 106968K [0x0000000080000000, 0x0000000100000000)
  region size 1024K, 28 young (28672K), 4 survivors (4096K)
 Metaspace       used 88002K, committed 88704K, reserved 1130496K
  class space    used 12138K, committed 12480K, reserved 1048576K
}
Event: 15.853 GC heap after
{Heap after GC invocations=54 (full 0):
 garbage-first heap   total 171008K, used 85313K [0x0000000080000000, 0x0000000100000000)
  region size 1024K, 3 young (3072K), 3 survivors (3072K)
 Metaspace       used 88002K, committed 88704K, reserved 1130496K
  class space    used 12138K, committed 12480K, reserved 1048576K
}
Event: 15.881 GC heap before
{Heap before GC invocations=54 (full 0):
 garbage-first heap   total 171008K, used 90433K [0x0000000080000000, 0x0000000100000000)
  region size 1024K, 8 young (8192K), 3 survivors (3072K)
 Metaspace       used 88023K, committed 88768K, reserved 1130496K
  class space    used 12138K, committed 12480K, reserved 1048576K
}
Event: 15.884 GC heap after
{Heap after GC invocations=55 (full 0):
 garbage-first heap   total 171008K, used 84647K [0x0000000080000000, 0x0000000100000000)
  region size 1024K, 1 young (1024K), 1 survivors (1024K)
 Metaspace       used 88023K, committed 88768K, reserved 1130496K
  class space    used 12138K, committed 12480K, reserved 1048576K
}
Event: 16.747 GC heap before
{Heap before GC invocations=55 (full 0):
 garbage-first heap   total 171008K, used 135847K [0x0000000080000000, 0x0000000100000000)
  region size 1024K, 52 young (53248K), 1 survivors (1024K)
 Metaspace       used 91296K, committed 91968K, reserved 1130496K
  class space    used 12528K, committed 12864K, reserved 1048576K
}

