# JRE version: OpenJDK Runtime Environment (17.0.6) (build 17.0.6+0-b2043.56-10027231)
# Java VM: OpenJDK 64-Bit Server VM (17.0.6+0-b2043.56-10027231, mixed mode, tiered, compressed oops, compressed class ptrs, g1 gc, windows-amd64)
GC Precious Log:
 CPUs: 16 total, 16 available
 Memory: 15613M
 Large Page Support: Disabled
 NUMA Support: Disabled
 Compressed Oops: Enabled (32-bit)
 Heap Region Size: 1M
 Heap Min Capacity: 8M
 Heap Initial Capacity: 244M
 Heap Max Capacity: 2G
 Pre-touch: Disabled
 Parallel Workers: 13
 Concurrent Workers: 3
 Concurrent Refinement Workers: 13
 Periodic GC: Disabled
Heap:
 garbage-first heap   total 205824K, used 87077K [0x0000000080000000, 0x0000000100000000)
  region size 1024K, 6 young (6144K), 6 survivors (6144K)
 Metaspace       used 86032K, committed 86656K, reserved 1130496K
  class space    used 11837K, committed 12096K, reserved 1048576K
GC Heap History (20 events):
Event: 5.140 GC heap after
{Heap after GC invocations=25 (full 0):
 garbage-first heap   total 109568K, used 59994K [0x0000000080000000, 0x0000000100000000)
  region size 1024K, 2 young (2048K), 2 survivors (2048K)
 Metaspace       used 69374K, committed 69888K, reserved 1114112K
  class space    used 9141K, committed 9344K, reserved 1048576K
}
Event: 5.420 GC heap before
{Heap before GC invocations=26 (full 0):
 garbage-first heap   total 109568K, used 88666K [0x0000000080000000, 0x0000000100000000)
  region size 1024K, 29 young (29696K), 2 survivors (2048K)
 Metaspace       used 72898K, committed 73408K, reserved 1114112K
  class space    used 9810K, committed 10048K, reserved 1048576K
}
Event: 5.422 GC heap after
{Heap after GC invocations=27 (full 0):
 garbage-first heap   total 132096K, used 60920K [0x0000000080000000, 0x0000000100000000)
  region size 1024K, 3 young (3072K), 3 survivors (3072K)
 Metaspace       used 72898K, committed 73408K, reserved 1114112K
  class space    used 9810K, committed 10048K, reserved 1048576K
}
Event: 5.892 GC heap before
{Heap before GC invocations=27 (full 0):
 garbage-first heap   total 132096K, used 103928K [0x0000000080000000, 0x0000000100000000)
  region size 1024K, 45 young (46080K), 3 survivors (3072K)
 Metaspace       used 76848K, committed 77440K, reserved 1122304K
  class space    used 10360K, committed 10624K, reserved 1048576K
}
Event: 5.895 GC heap after
{Heap after GC invocations=28 (full 0):
 garbage-first heap   total 132096K, used 64194K [0x0000000080000000, 0x0000000100000000)
  region size 1024K, 6 young (6144K), 6 survivors (6144K)
 Metaspace       used 76848K, committed 77440K, reserved 1122304K
  class space    used 10360K, committed 10624K, reserved 1048576K
}
Event: 6.269 GC heap before
{Heap before GC invocations=28 (full 0):
 garbage-first heap   total 132096K, used 105154K [0x0000000080000000, 0x0000000100000000)
  region size 1024K, 46 young (47104K), 6 survivors (6144K)
 Metaspace       used 81816K, committed 82432K, reserved 1122304K
  class space    used 11082K, committed 11392K, reserved 1048576K
}
Event: 6.273 GC heap after
{Heap after GC invocations=29 (full 0):
 garbage-first heap   total 132096K, used 67503K [0x0000000080000000, 0x0000000100000000)
  region size 1024K, 4 young (4096K), 4 survivors (4096K)
 Metaspace       used 81816K, committed 82432K, reserved 1122304K
  class space    used 11082K, committed 11392K, reserved 1048576K
}
Event: 6.494 GC heap before
{Heap before GC invocations=29 (full 0):
 garbage-first heap   total 132096K, used 106415K [0x0000000080000000, 0x0000000100000000)
  region size 1024K, 42 young (43008K), 4 survivors (4096K)
 Metaspace       used 82528K, committed 83136K, reserved 1122304K
  class space    used 11168K, committed 11456K, reserved 1048576K
}
Event: 6.498 GC heap after
{Heap after GC invocations=30 (full 0):
 garbage-first heap   total 132096K, used 73643K [0x0000000080000000, 0x0000000100000000)
  region size 1024K, 6 young (6144K), 6 survivors (6144K)
 Metaspace       used 82528K, committed 83136K, reserved 1122304K
  class space    used 11168K, committed 11456K, reserved 1048576K
}
Event: 6.840 GC heap before
{Heap before GC invocations=31 (full 0):
 garbage-first heap   total 132096K, used 106411K [0x0000000080000000, 0x0000000100000000)
  region size 1024K, 39 young (39936K), 6 survivors (6144K)
 Metaspace       used 84556K, committed 85120K, reserved 1130496K
  class space    used 11564K, committed 11840K, reserved 1048576K
}
Event: 6.844 GC heap after
{Heap after GC invocations=32 (full 0):
 garbage-first heap   total 132096K, used 77382K [0x0000000080000000, 0x0000000100000000)
  region size 1024K, 4 young (4096K), 4 survivors (4096K)
 Metaspace       used 84556K, committed 85120K, reserved 1130496K
  class space    used 11564K, committed 11840K, reserved 1048576K
}
Event: 6.856 GC heap before
{Heap before GC invocations=32 (full 0):
 garbage-first heap   total 132096K, used 79430K [0x0000000080000000, 0x0000000100000000)
  region size 1024K, 6 young (6144K), 4 survivors (4096K)
 Metaspace       used 84723K, committed 85312K, reserved 1130496K
  class space    used 11623K, committed 11904K, reserved 1048576K
}
Event: 6.859 GC heap after
{Heap after GC invocations=33 (full 0):
 garbage-first heap   total 132096K, used 77812K [0x0000000080000000, 0x0000000100000000)
  region size 1024K, 1 young (1024K), 1 survivors (1024K)
 Metaspace       used 84723K, committed 85312K, reserved 1130496K
  class space    used 11623K, committed 11904K, reserved 1048576K
}
Event: 6.940 GC heap before
{Heap before GC invocations=33 (full 0):
 garbage-first heap   total 132096K, used 106484K [0x0000000080000000, 0x0000000100000000)
  region size 1024K, 30 young (30720K), 1 survivors (1024K)
 Metaspace       used 85291K, committed 85888K, reserved 1130496K
  class space    used 11783K, committed 12096K, reserved 1048576K
}
Event: 6.943 GC heap after
{Heap after GC invocations=34 (full 0):
 garbage-first heap   total 132096K, used 80666K [0x0000000080000000, 0x0000000100000000)
  region size 1024K, 4 young (4096K), 4 survivors (4096K)
 Metaspace       used 85291K, committed 85888K, reserved 1130496K
  class space    used 11783K, committed 12096K, reserved 1048576K
}
Event: 7.018 GC heap before
{Heap before GC invocations=35 (full 0):
 garbage-first heap   total 165888K, used 108314K [0x0000000080000000, 0x0000000100000000)
  region size 1024K, 31 young (31744K), 4 survivors (4096K)
 Metaspace       used 85392K, committed 86016K, reserved 1130496K
  class space    used 11783K, committed 12096K, reserved 1048576K
}
Event: 7.022 GC heap after
{Heap after GC invocations=36 (full 0):
 garbage-first heap   total 165888K, used 82506K [0x0000000080000000, 0x0000000100000000)
  region size 1024K, 4 young (4096K), 4 survivors (4096K)
 Metaspace       used 85392K, committed 86016K, reserved 1130496K
  class space    used 11783K, committed 12096K, reserved 1048576K
}
Event: 7.069 GC heap before
{Heap before GC invocations=36 (full 0):
 garbage-first heap   total 165888K, used 85578K [0x0000000080000000, 0x0000000100000000)
  region size 1024K, 8 young (8192K), 4 survivors (4096K)
 Metaspace       used 85459K, committed 86080K, reserved 1130496K
  class space    used 11789K, committed 12096K, reserved 1048576K
}
Event: 7.071 GC heap after
{Heap after GC invocations=37 (full 0):
 garbage-first heap   total 165888K, used 82634K [0x0000000080000000, 0x0000000100000000)
  region size 1024K, 1 young (1024K), 1 survivors (1024K)
 Metaspace       used 85459K, committed 86080K, reserved 1130496K
  class space    used 11789K, committed 12096K, reserved 1048576K
}
Event: 7.340 GC heap before
{Heap before GC invocations=37 (full 0):
 garbage-first heap   total 165888K, used 131786K [0x0000000080000000, 0x0000000100000000)
  region size 1024K, 50 young (51200K), 1 survivors (1024K)
 Metaspace       used 86032K, committed 86656K, reserved 1130496K
  class space    used 11837K, committed 12096K, reserved 1048576K
}

