# JRE version: OpenJDK Runtime Environment (17.0.6) (build 17.0.6+0-b2043.56-10027231)
# Java VM: OpenJDK 64-Bit Server VM (17.0.6+0-b2043.56-10027231, mixed mode, tiered, compressed oops, compressed class ptrs, g1 gc, windows-amd64)
GC Precious Log:
 CPUs: 16 total, 16 available
 Memory: 15613M
 Large Page Support: Disabled
 NUMA Support: Disabled
 Compressed Oops: Enabled (32-bit)
 Heap Region Size: 1M
 Heap Min Capacity: 8M
 Heap Initial Capacity: 244M
 Heap Max Capacity: 2G
 Pre-touch: Disabled
 Parallel Workers: 13
 Concurrent Workers: 3
 Concurrent Refinement Workers: 13
 Periodic GC: Disabled
Heap:
 garbage-first heap   total 249856K, used 93496K [0x0000000080000000, 0x0000000100000000)
  region size 1024K, 4 young (4096K), 4 survivors (4096K)
 Metaspace       used 69329K, committed 69952K, reserved 1114112K
  class space    used 9247K, committed 9536K, reserved 1048576K
GC Heap History (20 events):
Event: 5.891 GC heap after
{Heap after GC invocations=19 (full 0):
 garbage-first heap   total 124928K, used 70056K [0x0000000080000000, 0x0000000100000000)
  region size 1024K, 3 young (3072K), 3 survivors (3072K)
 Metaspace       used 49494K, committed 50048K, reserved 1097728K
  class space    used 6483K, committed 6720K, reserved 1048576K
}
Event: 6.384 GC heap before
{Heap before GC invocations=19 (full 0):
 garbage-first heap   total 124928K, used 92584K [0x0000000080000000, 0x0000000100000000)
  region size 1024K, 26 young (26624K), 3 survivors (3072K)
 Metaspace       used 51856K, committed 52352K, reserved 1097728K
  class space    used 6890K, committed 7104K, reserved 1048576K
}
Event: 6.387 GC heap after
{Heap after GC invocations=20 (full 0):
 garbage-first heap   total 124928K, used 72286K [0x0000000080000000, 0x0000000100000000)
  region size 1024K, 3 young (3072K), 3 survivors (3072K)
 Metaspace       used 51856K, committed 52352K, reserved 1097728K
  class space    used 6890K, committed 7104K, reserved 1048576K
}
Event: 6.830 GC heap before
{Heap before GC invocations=21 (full 0):
 garbage-first heap   total 126976K, used 95838K [0x0000000080000000, 0x0000000100000000)
  region size 1024K, 26 young (26624K), 3 survivors (3072K)
 Metaspace       used 54177K, committed 54784K, reserved 1097728K
  class space    used 7250K, committed 7552K, reserved 1048576K
}
Event: 6.833 GC heap after
{Heap after GC invocations=22 (full 0):
 garbage-first heap   total 126976K, used 74526K [0x0000000080000000, 0x0000000100000000)
  region size 1024K, 3 young (3072K), 3 survivors (3072K)
 Metaspace       used 54177K, committed 54784K, reserved 1097728K
  class space    used 7250K, committed 7552K, reserved 1048576K
}
Event: 6.931 GC heap before
{Heap before GC invocations=22 (full 0):
 garbage-first heap   total 126976K, used 77598K [0x0000000080000000, 0x0000000100000000)
  region size 1024K, 6 young (6144K), 3 survivors (3072K)
 Metaspace       used 54309K, committed 54912K, reserved 1097728K
  class space    used 7268K, committed 7552K, reserved 1048576K
}
Event: 6.934 GC heap after
{Heap after GC invocations=23 (full 0):
 garbage-first heap   total 126976K, used 75003K [0x0000000080000000, 0x0000000100000000)
  region size 1024K, 1 young (1024K), 1 survivors (1024K)
 Metaspace       used 54309K, committed 54912K, reserved 1097728K
  class space    used 7268K, committed 7552K, reserved 1048576K
}
Event: 7.173 GC heap before
{Heap before GC invocations=23 (full 0):
 garbage-first heap   total 126976K, used 94459K [0x0000000080000000, 0x0000000100000000)
  region size 1024K, 22 young (22528K), 1 survivors (1024K)
 Metaspace       used 54606K, committed 55296K, reserved 1097728K
  class space    used 7298K, committed 7616K, reserved 1048576K
}
Event: 7.176 GC heap after
{Heap after GC invocations=24 (full 0):
 garbage-first heap   total 152576K, used 76738K [0x0000000080000000, 0x0000000100000000)
  region size 1024K, 3 young (3072K), 3 survivors (3072K)
 Metaspace       used 54606K, committed 55296K, reserved 1097728K
  class space    used 7298K, committed 7616K, reserved 1048576K
}
Event: 7.692 GC heap before
{Heap before GC invocations=25 (full 0):
 garbage-first heap   total 152576K, used 120770K [0x0000000080000000, 0x0000000100000000)
  region size 1024K, 42 young (43008K), 3 survivors (3072K)
 Metaspace       used 59424K, committed 60032K, reserved 1105920K
  class space    used 7925K, committed 8192K, reserved 1048576K
}
Event: 7.694 GC heap after
{Heap after GC invocations=26 (full 0):
 garbage-first heap   total 152576K, used 85757K [0x0000000080000000, 0x0000000100000000)
  region size 1024K, 6 young (6144K), 6 survivors (6144K)
 Metaspace       used 59424K, committed 60032K, reserved 1105920K
  class space    used 7925K, committed 8192K, reserved 1048576K
}
Event: 7.702 GC heap before
{Heap before GC invocations=26 (full 0):
 garbage-first heap   total 152576K, used 86781K [0x0000000080000000, 0x0000000100000000)
  region size 1024K, 7 young (7168K), 6 survivors (6144K)
 Metaspace       used 59619K, committed 60224K, reserved 1105920K
  class space    used 7947K, committed 8192K, reserved 1048576K
}
Event: 7.704 GC heap after
{Heap after GC invocations=27 (full 0):
 garbage-first heap   total 152576K, used 85559K [0x0000000080000000, 0x0000000100000000)
  region size 1024K, 1 young (1024K), 1 survivors (1024K)
 Metaspace       used 59619K, committed 60224K, reserved 1105920K
  class space    used 7947K, committed 8192K, reserved 1048576K
}
Event: 8.515 GC heap before
{Heap before GC invocations=27 (full 0):
 garbage-first heap   total 152576K, used 115255K [0x0000000080000000, 0x0000000100000000)
  region size 1024K, 31 young (31744K), 1 survivors (1024K)
 Metaspace       used 65201K, committed 65920K, reserved 1105920K
  class space    used 8689K, committed 9024K, reserved 1048576K
}
Event: 8.517 GC heap after
{Heap after GC invocations=28 (full 0):
 garbage-first heap   total 152576K, used 87561K [0x0000000080000000, 0x0000000100000000)
  region size 1024K, 3 young (3072K), 3 survivors (3072K)
 Metaspace       used 65201K, committed 65920K, reserved 1105920K
  class space    used 8689K, committed 9024K, reserved 1048576K
}
Event: 8.965 GC heap before
{Heap before GC invocations=29 (full 0):
 garbage-first heap   total 168960K, used 127497K [0x0000000080000000, 0x0000000100000000)
  region size 1024K, 36 young (36864K), 3 survivors (3072K)
 Metaspace       used 67437K, committed 68096K, reserved 1114112K
  class space    used 8991K, committed 9280K, reserved 1048576K
}
Event: 8.967 GC heap after
{Heap after GC invocations=30 (full 0):
 garbage-first heap   total 168960K, used 90505K [0x0000000080000000, 0x0000000100000000)
  region size 1024K, 5 young (5120K), 5 survivors (5120K)
 Metaspace       used 67437K, committed 68096K, reserved 1114112K
  class space    used 8991K, committed 9280K, reserved 1048576K
}
Event: 8.996 GC heap before
{Heap before GC invocations=30 (full 0):
 garbage-first heap   total 168960K, used 93577K [0x0000000080000000, 0x0000000100000000)
  region size 1024K, 8 young (8192K), 5 survivors (5120K)
 Metaspace       used 67654K, committed 68352K, reserved 1114112K
  class space    used 9015K, committed 9344K, reserved 1048576K
}
Event: 8.999 GC heap after
{Heap after GC invocations=31 (full 0):
 garbage-first heap   total 168960K, used 91031K [0x0000000080000000, 0x0000000100000000)
  region size 1024K, 1 young (1024K), 1 survivors (1024K)
 Metaspace       used 67654K, committed 68352K, reserved 1114112K
  class space    used 9015K, committed 9344K, reserved 1048576K
}
Event: 9.701 GC heap before
{Heap before GC invocations=31 (full 0):
 garbage-first heap   total 168960K, used 130967K [0x0000000080000000, 0x0000000100000000)
  region size 1024K, 40 young (40960K), 1 survivors (1024K)
 Metaspace       used 69329K, committed 69952K, reserved 1114112K
  class space    used 9247K, committed 9536K, reserved 1048576K
}

