# JRE version: OpenJDK Runtime Environment (17.0.6) (build 17.0.6+0-b2043.56-10027231)
# Java VM: OpenJDK 64-Bit Server VM (17.0.6+0-b2043.56-10027231, mixed mode, tiered, compressed oops, compressed class ptrs, g1 gc, windows-amd64)
GC Precious Log:
 CPUs: 16 total, 16 available
 Memory: 15613M
 Large Page Support: Disabled
 NUMA Support: Disabled
 Compressed Oops: Enabled (32-bit)
 Heap Region Size: 1M
 Heap Min Capacity: 8M
 Heap Initial Capacity: 244M
 Heap Max Capacity: 2G
 Pre-touch: Disabled
 Parallel Workers: 13
 Concurrent Workers: 3
 Concurrent Refinement Workers: 13
 Periodic GC: Disabled
Heap:
 garbage-first heap   total 301056K, used 166699K [0x0000000080000000, 0x0000000100000000)
  region size 1024K, 77 young (78848K), 1 survivors (1024K)
 Metaspace       used 71393K, committed 72064K, reserved 1114112K
  class space    used 9473K, committed 9792K, reserved 1048576K
GC Heap History (20 events):
Event: 3.384 GC heap before
{Heap before GC invocations=19 (full 0):
 garbage-first heap   total 116736K, used 92376K [0x0000000080000000, 0x0000000100000000)
  region size 1024K, 29 young (29696K), 4 survivors (4096K)
 Metaspace       used 49340K, committed 49856K, reserved 1097728K
  class space    used 6435K, committed 6656K, reserved 1048576K
}
Event: 3.386 GC heap after
{Heap after GC invocations=20 (full 0):
 garbage-first heap   total 116736K, used 70202K [0x0000000080000000, 0x0000000100000000)
  region size 1024K, 4 young (4096K), 4 survivors (4096K)
 Metaspace       used 49340K, committed 49856K, reserved 1097728K
  class space    used 6435K, committed 6656K, reserved 1048576K
}
Event: 3.392 GC heap before
{Heap before GC invocations=20 (full 0):
 garbage-first heap   total 116736K, used 71226K [0x0000000080000000, 0x0000000100000000)
  region size 1024K, 5 young (5120K), 4 survivors (4096K)
 Metaspace       used 49352K, committed 49856K, reserved 1097728K
  class space    used 6437K, committed 6656K, reserved 1048576K
}
Event: 3.394 GC heap after
{Heap after GC invocations=21 (full 0):
 garbage-first heap   total 140288K, used 70796K [0x0000000080000000, 0x0000000100000000)
  region size 1024K, 1 young (1024K), 1 survivors (1024K)
 Metaspace       used 49352K, committed 49856K, reserved 1097728K
  class space    used 6437K, committed 6656K, reserved 1048576K
}
Event: 3.732 GC heap before
{Heap before GC invocations=21 (full 0):
 garbage-first heap   total 140288K, used 106636K [0x0000000080000000, 0x0000000100000000)
  region size 1024K, 36 young (36864K), 1 survivors (1024K)
 Metaspace       used 52471K, committed 52992K, reserved 1097728K
  class space    used 6978K, committed 7168K, reserved 1048576K
}
Event: 3.734 GC heap after
{Heap after GC invocations=22 (full 0):
 garbage-first heap   total 140288K, used 73488K [0x0000000080000000, 0x0000000100000000)
  region size 1024K, 4 young (4096K), 4 survivors (4096K)
 Metaspace       used 52471K, committed 52992K, reserved 1097728K
  class space    used 6978K, committed 7168K, reserved 1048576K
}
Event: 3.997 GC heap before
{Heap before GC invocations=23 (full 0):
 garbage-first heap   total 140288K, used 107280K [0x0000000080000000, 0x0000000100000000)
  region size 1024K, 38 young (38912K), 4 survivors (4096K)
 Metaspace       used 54773K, committed 55360K, reserved 1097728K
  class space    used 7283K, committed 7552K, reserved 1048576K
}
Event: 3.999 GC heap after
{Heap after GC invocations=24 (full 0):
 garbage-first heap   total 140288K, used 75885K [0x0000000080000000, 0x0000000100000000)
  region size 1024K, 3 young (3072K), 3 survivors (3072K)
 Metaspace       used 54773K, committed 55360K, reserved 1097728K
  class space    used 7283K, committed 7552K, reserved 1048576K
}
Event: 4.076 GC heap before
{Heap before GC invocations=24 (full 0):
 garbage-first heap   total 140288K, used 85101K [0x0000000080000000, 0x0000000100000000)
  region size 1024K, 14 young (14336K), 3 survivors (3072K)
 Metaspace       used 54998K, committed 55616K, reserved 1097728K
  class space    used 7295K, committed 7552K, reserved 1048576K
}
Event: 4.078 GC heap after
{Heap after GC invocations=25 (full 0):
 garbage-first heap   total 140288K, used 77172K [0x0000000080000000, 0x0000000100000000)
  region size 1024K, 4 young (4096K), 4 survivors (4096K)
 Metaspace       used 54998K, committed 55616K, reserved 1097728K
  class space    used 7295K, committed 7552K, reserved 1048576K
}
Event: 4.326 GC heap before
{Heap before GC invocations=26 (full 0):
 garbage-first heap   total 140288K, used 114036K [0x0000000080000000, 0x0000000100000000)
  region size 1024K, 37 young (37888K), 4 survivors (4096K)
 Metaspace       used 58660K, committed 59200K, reserved 1105920K
  class space    used 7818K, committed 8064K, reserved 1048576K
}
Event: 4.329 GC heap after
{Heap after GC invocations=27 (full 0):
 garbage-first heap   total 140288K, used 85620K [0x0000000080000000, 0x0000000100000000)
  region size 1024K, 5 young (5120K), 5 survivors (5120K)
 Metaspace       used 58660K, committed 59200K, reserved 1105920K
  class space    used 7818K, committed 8064K, reserved 1048576K
}
Event: 4.336 GC heap before
{Heap before GC invocations=27 (full 0):
 garbage-first heap   total 140288K, used 85620K [0x0000000080000000, 0x0000000100000000)
  region size 1024K, 6 young (6144K), 5 survivors (5120K)
 Metaspace       used 58831K, committed 59456K, reserved 1105920K
  class space    used 7828K, committed 8128K, reserved 1048576K
}
Event: 4.338 GC heap after
{Heap after GC invocations=28 (full 0):
 garbage-first heap   total 140288K, used 85740K [0x0000000080000000, 0x0000000100000000)
  region size 1024K, 1 young (1024K), 1 survivors (1024K)
 Metaspace       used 58831K, committed 59456K, reserved 1105920K
  class space    used 7828K, committed 8128K, reserved 1048576K
}
Event: 4.622 GC heap before
{Heap before GC invocations=28 (full 0):
 garbage-first heap   total 140288K, used 113388K [0x0000000080000000, 0x0000000100000000)
  region size 1024K, 28 young (28672K), 1 survivors (1024K)
 Metaspace       used 63759K, committed 64384K, reserved 1105920K
  class space    used 8473K, committed 8704K, reserved 1048576K
}
Event: 4.624 GC heap after
{Heap after GC invocations=29 (full 0):
 garbage-first heap   total 140288K, used 86451K [0x0000000080000000, 0x0000000100000000)
  region size 1024K, 2 young (2048K), 2 survivors (2048K)
 Metaspace       used 63759K, committed 64384K, reserved 1105920K
  class space    used 8473K, committed 8704K, reserved 1048576K
}
Event: 4.825 GC heap before
{Heap before GC invocations=30 (full 0):
 garbage-first heap   total 150528K, used 120243K [0x0000000080000000, 0x0000000100000000)
  region size 1024K, 29 young (29696K), 2 survivors (2048K)
 Metaspace       used 66556K, committed 67200K, reserved 1114112K
  class space    used 8821K, committed 9088K, reserved 1048576K
}
Event: 4.828 GC heap after
{Heap after GC invocations=31 (full 0):
 garbage-first heap   total 150528K, used 89775K [0x0000000080000000, 0x0000000100000000)
  region size 1024K, 4 young (4096K), 4 survivors (4096K)
 Metaspace       used 66556K, committed 67200K, reserved 1114112K
  class space    used 8821K, committed 9088K, reserved 1048576K
}
Event: 4.847 GC heap before
{Heap before GC invocations=31 (full 0):
 garbage-first heap   total 150528K, used 92847K [0x0000000080000000, 0x0000000100000000)
  region size 1024K, 7 young (7168K), 4 survivors (4096K)
 Metaspace       used 66834K, committed 67456K, reserved 1114112K
  class space    used 8858K, committed 9152K, reserved 1048576K
}
Event: 4.849 GC heap after
{Heap after GC invocations=32 (full 0):
 garbage-first heap   total 301056K, used 89899K [0x0000000080000000, 0x0000000100000000)
  region size 1024K, 1 young (1024K), 1 survivors (1024K)
 Metaspace       used 66834K, committed 67456K, reserved 1114112K
  class space    used 8858K, committed 9152K, reserved 1048576K
}

