# JRE version: OpenJDK Runtime Environment (17.0.6) (build 17.0.6+0-b2043.56-10027231)
# Java VM: OpenJDK 64-Bit Server VM (17.0.6+0-b2043.56-10027231, mixed mode, tiered, compressed oops, compressed class ptrs, g1 gc, windows-amd64)
GC Precious Log:
 CPUs: 16 total, 16 available
 Memory: 15613M
 Large Page Support: Disabled
 NUMA Support: Disabled
 Compressed Oops: Enabled (32-bit)
 Heap Region Size: 1M
 Heap Min Capacity: 8M
 Heap Initial Capacity: 244M
 Heap Max Capacity: 2G
 Pre-touch: Disabled
 Parallel Workers: 13
 Concurrent Workers: 3
 Concurrent Refinement Workers: 13
 Periodic GC: Disabled
Heap:
 garbage-first heap   total 244736K, used 177334K [0x0000000080000000, 0x0000000100000000)
  region size 1024K, 41 young (41984K), 5 survivors (5120K)
 Metaspace       used 96948K, committed 97728K, reserved 1138688K
  class space    used 12966K, committed 13376K, reserved 1048576K
GC Heap History (20 events):
Event: 5.281 GC heap before
{Heap before GC invocations=33 (full 0):
 garbage-first heap   total 165888K, used 123478K [0x0000000080000000, 0x0000000100000000)
  region size 1024K, 35 young (35840K), 3 survivors (3072K)
 Metaspace       used 71784K, committed 72448K, reserved 1114112K
  class space    used 9536K, committed 9856K, reserved 1048576K
}
Event: 5.284 GC heap after
{Heap after GC invocations=34 (full 0):
 garbage-first heap   total 165888K, used 94608K [0x0000000080000000, 0x0000000100000000)
  region size 1024K, 3 young (3072K), 3 survivors (3072K)
 Metaspace       used 71784K, committed 72448K, reserved 1114112K
  class space    used 9536K, committed 9856K, reserved 1048576K
}
Event: 5.715 GC heap before
{Heap before GC invocations=35 (full 0):
 garbage-first heap   total 165888K, used 132496K [0x0000000080000000, 0x0000000100000000)
  region size 1024K, 39 young (39936K), 3 survivors (3072K)
 Metaspace       used 76194K, committed 76864K, reserved 1122304K
  class space    used 10327K, committed 10624K, reserved 1048576K
}
Event: 5.717 GC heap after
{Heap after GC invocations=36 (full 0):
 garbage-first heap   total 165888K, used 96425K [0x0000000080000000, 0x0000000100000000)
  region size 1024K, 5 young (5120K), 5 survivors (5120K)
 Metaspace       used 76194K, committed 76864K, reserved 1122304K
  class space    used 10327K, committed 10624K, reserved 1048576K
}
Event: 5.883 GC heap before
{Heap before GC invocations=36 (full 0):
 garbage-first heap   total 165888K, used 111785K [0x0000000080000000, 0x0000000100000000)
  region size 1024K, 21 young (21504K), 5 survivors (5120K)
 Metaspace       used 78037K, committed 78720K, reserved 1122304K
  class space    used 10565K, committed 10880K, reserved 1048576K
}
Event: 5.886 GC heap after
{Heap after GC invocations=37 (full 0):
 garbage-first heap   total 165888K, used 97781K [0x0000000080000000, 0x0000000100000000)
  region size 1024K, 4 young (4096K), 4 survivors (4096K)
 Metaspace       used 78037K, committed 78720K, reserved 1122304K
  class space    used 10565K, committed 10880K, reserved 1048576K
}
Event: 6.152 GC heap before
{Heap before GC invocations=38 (full 0):
 garbage-first heap   total 206848K, used 156149K [0x0000000080000000, 0x0000000100000000)
  region size 1024K, 40 young (40960K), 4 survivors (4096K)
 Metaspace       used 81272K, committed 81984K, reserved 1122304K
  class space    used 11051K, committed 11392K, reserved 1048576K
}
Event: 6.155 GC heap after
{Heap after GC invocations=39 (full 0):
 garbage-first heap   total 206848K, used 126369K [0x0000000080000000, 0x0000000100000000)
  region size 1024K, 5 young (5120K), 5 survivors (5120K)
 Metaspace       used 81272K, committed 81984K, reserved 1122304K
  class space    used 11051K, committed 11392K, reserved 1048576K
}
Event: 6.263 GC heap before
{Heap before GC invocations=39 (full 0):
 garbage-first heap   total 206848K, used 145825K [0x0000000080000000, 0x0000000100000000)
  region size 1024K, 26 young (26624K), 5 survivors (5120K)
 Metaspace       used 82437K, committed 83136K, reserved 1122304K
  class space    used 11190K, committed 11520K, reserved 1048576K
}
Event: 6.266 GC heap after
{Heap after GC invocations=40 (full 0):
 garbage-first heap   total 206848K, used 128573K [0x0000000080000000, 0x0000000100000000)
  region size 1024K, 2 young (2048K), 2 survivors (2048K)
 Metaspace       used 82437K, committed 83136K, reserved 1122304K
  class space    used 11190K, committed 11520K, reserved 1048576K
}
Event: 6.732 GC heap before
{Heap before GC invocations=41 (full 0):
 garbage-first heap   total 220160K, used 168509K [0x0000000080000000, 0x0000000100000000)
  region size 1024K, 40 young (40960K), 2 survivors (2048K)
 Metaspace       used 89121K, committed 89792K, reserved 1130496K
  class space    used 12042K, committed 12352K, reserved 1048576K
}
Event: 6.734 GC heap after
{Heap after GC invocations=42 (full 0):
 garbage-first heap   total 220160K, used 130038K [0x0000000080000000, 0x0000000100000000)
  region size 1024K, 4 young (4096K), 4 survivors (4096K)
 Metaspace       used 89121K, committed 89792K, reserved 1130496K
  class space    used 12042K, committed 12352K, reserved 1048576K
}
Event: 7.055 GC heap before
{Heap before GC invocations=42 (full 0):
 garbage-first heap   total 220160K, used 157686K [0x0000000080000000, 0x0000000100000000)
  region size 1024K, 32 young (32768K), 4 survivors (4096K)
 Metaspace       used 92936K, committed 93760K, reserved 1130496K
  class space    used 12574K, committed 12992K, reserved 1048576K
}
Event: 7.058 GC heap after
{Heap after GC invocations=43 (full 0):
 garbage-first heap   total 220160K, used 132715K [0x0000000080000000, 0x0000000100000000)
  region size 1024K, 5 young (5120K), 5 survivors (5120K)
 Metaspace       used 92936K, committed 93760K, reserved 1130496K
  class space    used 12574K, committed 12992K, reserved 1048576K
}
Event: 7.284 GC heap before
{Heap before GC invocations=44 (full 0):
 garbage-first heap   total 227328K, used 178795K [0x0000000080000000, 0x0000000100000000)
  region size 1024K, 50 young (51200K), 5 survivors (5120K)
 Metaspace       used 94569K, committed 95424K, reserved 1138688K
  class space    used 12704K, committed 13120K, reserved 1048576K
}
Event: 7.289 GC heap after
{Heap after GC invocations=45 (full 0):
 garbage-first heap   total 227328K, used 137331K [0x0000000080000000, 0x0000000100000000)
  region size 1024K, 7 young (7168K), 7 survivors (7168K)
 Metaspace       used 94569K, committed 95424K, reserved 1138688K
  class space    used 12704K, committed 13120K, reserved 1048576K
}
Event: 7.301 GC heap before
{Heap before GC invocations=45 (full 0):
 garbage-first heap   total 227328K, used 140403K [0x0000000080000000, 0x0000000100000000)
  region size 1024K, 11 young (11264K), 7 survivors (7168K)
 Metaspace       used 94579K, committed 95424K, reserved 1138688K
  class space    used 12704K, committed 13120K, reserved 1048576K
}
Event: 7.304 GC heap after
{Heap after GC invocations=46 (full 0):
 garbage-first heap   total 227328K, used 137934K [0x0000000080000000, 0x0000000100000000)
  region size 1024K, 2 young (2048K), 2 survivors (2048K)
 Metaspace       used 94579K, committed 95424K, reserved 1138688K
  class space    used 12704K, committed 13120K, reserved 1048576K
}
Event: 7.597 GC heap before
{Heap before GC invocations=46 (full 0):
 garbage-first heap   total 227328K, used 182990K [0x0000000080000000, 0x0000000100000000)
  region size 1024K, 47 young (48128K), 2 survivors (2048K)
 Metaspace       used 95448K, committed 96256K, reserved 1138688K
  class space    used 12789K, committed 13184K, reserved 1048576K
}
Event: 7.599 GC heap after
{Heap after GC invocations=47 (full 0):
 garbage-first heap   total 227328K, used 141494K [0x0000000080000000, 0x0000000100000000)
  region size 1024K, 5 young (5120K), 5 survivors (5120K)
 Metaspace       used 95448K, committed 96256K, reserved 1138688K
  class space    used 12789K, committed 13184K, reserved 1048576K
}

