# JRE version: OpenJDK Runtime Environment (17.0.6) (build 17.0.6+0-b2043.56-10027231)
# Java VM: OpenJDK 64-Bit Server VM (17.0.6+0-b2043.56-10027231, mixed mode, tiered, compressed oops, compressed class ptrs, g1 gc, windows-amd64)
GC Precious Log:
 CPUs: 16 total, 16 available
 Memory: 15613M
 Large Page Support: Disabled
 NUMA Support: Disabled
 Compressed Oops: Enabled (32-bit)
 Heap Region Size: 1M
 Heap Min Capacity: 8M
 Heap Initial Capacity: 244M
 Heap Max Capacity: 2G
 Pre-touch: Disabled
 Parallel Workers: 13
 Concurrent Workers: 3
 Concurrent Refinement Workers: 13
 Periodic GC: Disabled
Heap:
 garbage-first heap   total 251904K, used 181593K [0x0000000080000000, 0x0000000100000000)
  region size 1024K, 5 young (5120K), 5 survivors (5120K)
 Metaspace       used 99349K, committed 100032K, reserved 1138688K
  class space    used 13810K, committed 14144K, reserved 1048576K
GC Heap History (20 events):
Event: 6.484 GC heap after
{Heap after GC invocations=35 (full 0):
 garbage-first heap   total 173056K, used 82231K [0x0000000080000000, 0x0000000100000000)
  region size 1024K, 6 young (6144K), 6 survivors (6144K)
 Metaspace       used 85468K, committed 86144K, reserved 1130496K
  class space    used 11799K, committed 12096K, reserved 1048576K
}
Event: 6.749 GC heap before
{Heap before GC invocations=35 (full 0):
 garbage-first heap   total 173056K, used 135479K [0x0000000080000000, 0x0000000100000000)
  region size 1024K, 59 young (60416K), 6 survivors (6144K)
 Metaspace       used 86060K, committed 86720K, reserved 1130496K
  class space    used 11858K, committed 12160K, reserved 1048576K
}
Event: 6.752 GC heap after
{Heap after GC invocations=36 (full 0):
 garbage-first heap   total 173056K, used 86300K [0x0000000080000000, 0x0000000100000000)
  region size 1024K, 6 young (6144K), 6 survivors (6144K)
 Metaspace       used 86060K, committed 86720K, reserved 1130496K
  class space    used 11858K, committed 12160K, reserved 1048576K
}
Event: 7.011 GC heap before
{Heap before GC invocations=36 (full 0):
 garbage-first heap   total 173056K, used 138524K [0x0000000080000000, 0x0000000100000000)
  region size 1024K, 57 young (58368K), 6 survivors (6144K)
 Metaspace       used 87895K, committed 88512K, reserved 1130496K
  class space    used 12020K, committed 12288K, reserved 1048576K
}
Event: 7.014 GC heap after
{Heap after GC invocations=37 (full 0):
 garbage-first heap   total 173056K, used 90692K [0x0000000080000000, 0x0000000100000000)
  region size 1024K, 6 young (6144K), 6 survivors (6144K)
 Metaspace       used 87895K, committed 88512K, reserved 1130496K
  class space    used 12020K, committed 12288K, reserved 1048576K
}
Event: 7.156 GC heap before
{Heap before GC invocations=37 (full 0):
 garbage-first heap   total 173056K, used 137796K [0x0000000080000000, 0x0000000100000000)
  region size 1024K, 53 young (54272K), 6 survivors (6144K)
 Metaspace       used 88964K, committed 89664K, reserved 1130496K
  class space    used 12171K, committed 12480K, reserved 1048576K
}
Event: 7.159 GC heap after
{Heap after GC invocations=38 (full 0):
 garbage-first heap   total 173056K, used 93701K [0x0000000080000000, 0x0000000100000000)
  region size 1024K, 4 young (4096K), 4 survivors (4096K)
 Metaspace       used 88964K, committed 89664K, reserved 1130496K
  class space    used 12171K, committed 12480K, reserved 1048576K
}
Event: 7.387 GC heap before
{Heap before GC invocations=38 (full 0):
 garbage-first heap   total 173056K, used 153093K [0x0000000080000000, 0x0000000100000000)
  region size 1024K, 51 young (52224K), 4 survivors (4096K)
 Metaspace       used 91842K, committed 92480K, reserved 1130496K
  class space    used 12562K, committed 12864K, reserved 1048576K
}
Event: 7.390 GC heap after
{Heap after GC invocations=39 (full 0):
 garbage-first heap   total 173056K, used 115331K [0x0000000080000000, 0x0000000100000000)
  region size 1024K, 7 young (7168K), 7 survivors (7168K)
 Metaspace       used 91842K, committed 92480K, reserved 1130496K
  class space    used 12562K, committed 12864K, reserved 1048576K
}
Event: 7.474 GC heap before
{Heap before GC invocations=39 (full 0):
 garbage-first heap   total 173056K, used 142979K [0x0000000080000000, 0x0000000100000000)
  region size 1024K, 35 young (35840K), 7 survivors (7168K)
 Metaspace       used 92998K, committed 93760K, reserved 1130496K
  class space    used 12737K, committed 13120K, reserved 1048576K
}
Event: 7.478 GC heap after
{Heap after GC invocations=40 (full 0):
 garbage-first heap   total 237568K, used 118818K [0x0000000080000000, 0x0000000100000000)
  region size 1024K, 4 young (4096K), 4 survivors (4096K)
 Metaspace       used 92998K, committed 93760K, reserved 1130496K
  class space    used 12737K, committed 13120K, reserved 1048576K
}
Event: 7.721 GC heap before
{Heap before GC invocations=41 (full 0):
 garbage-first heap   total 237568K, used 219170K [0x0000000080000000, 0x0000000100000000)
  region size 1024K, 73 young (74752K), 4 survivors (4096K)
 Metaspace       used 95645K, committed 96320K, reserved 1138688K
  class space    used 13100K, committed 13440K, reserved 1048576K
}
Event: 7.727 GC heap after
{Heap after GC invocations=42 (full 0):
 garbage-first heap   total 239616K, used 145687K [0x0000000080000000, 0x0000000100000000)
  region size 1024K, 10 young (10240K), 10 survivors (10240K)
 Metaspace       used 95645K, committed 96320K, reserved 1138688K
  class space    used 13100K, committed 13440K, reserved 1048576K
}
Event: 7.728 GC heap before
{Heap before GC invocations=42 (full 0):
 garbage-first heap   total 239616K, used 146711K [0x0000000080000000, 0x0000000100000000)
  region size 1024K, 11 young (11264K), 10 survivors (10240K)
 Metaspace       used 95646K, committed 96320K, reserved 1138688K
  class space    used 13100K, committed 13440K, reserved 1048576K
}
Event: 7.731 GC heap after
{Heap after GC invocations=43 (full 0):
 garbage-first heap   total 239616K, used 145245K [0x0000000080000000, 0x0000000100000000)
  region size 1024K, 2 young (2048K), 2 survivors (2048K)
 Metaspace       used 95646K, committed 96320K, reserved 1138688K
  class space    used 13100K, committed 13440K, reserved 1048576K
}
Event: 7.796 GC heap before
{Heap before GC invocations=43 (full 0):
 garbage-first heap   total 239616K, used 192349K [0x0000000080000000, 0x0000000100000000)
  region size 1024K, 47 young (48128K), 2 survivors (2048K)
 Metaspace       used 95827K, committed 96512K, reserved 1138688K
  class space    used 13112K, committed 13440K, reserved 1048576K
}
Event: 7.802 GC heap after
{Heap after GC invocations=44 (full 0):
 garbage-first heap   total 239616K, used 154313K [0x0000000080000000, 0x0000000100000000)
  region size 1024K, 6 young (6144K), 6 survivors (6144K)
 Metaspace       used 95827K, committed 96512K, reserved 1138688K
  class space    used 13112K, committed 13440K, reserved 1048576K
}
Event: 7.987 GC heap before
{Heap before GC invocations=44 (full 0):
 garbage-first heap   total 239616K, used 195273K [0x0000000080000000, 0x0000000100000000)
  region size 1024K, 45 young (46080K), 6 survivors (6144K)
 Metaspace       used 99035K, committed 99712K, reserved 1138688K
  class space    used 13775K, committed 14080K, reserved 1048576K
}
Event: 7.995 GC heap after
{Heap after GC invocations=45 (full 0):
 garbage-first heap   total 239616K, used 166848K [0x0000000080000000, 0x0000000100000000)
  region size 1024K, 6 young (6144K), 6 survivors (6144K)
 Metaspace       used 99035K, committed 99712K, reserved 1138688K
  class space    used 13775K, committed 14080K, reserved 1048576K
}
Event: 8.048 GC heap before
{Heap before GC invocations=45 (full 0):
 garbage-first heap   total 239616K, used 196544K [0x0000000080000000, 0x0000000100000000)
  region size 1024K, 36 young (36864K), 6 survivors (6144K)
 Metaspace       used 99349K, committed 100032K, reserved 1138688K
  class space    used 13810K, committed 14144K, reserved 1048576K
}

