# JRE version: OpenJDK Runtime Environment (17.0.6) (build 17.0.6+0-b2043.56-10027231)
# Java VM: OpenJDK 64-Bit Server VM (17.0.6+0-b2043.56-10027231, mixed mode, tiered, compressed oops, compressed class ptrs, g1 gc, windows-amd64)
GC Precious Log:
 CPUs: 16 total, 16 available
 Memory: 15613M
 Large Page Support: Disabled
 NUMA Support: Disabled
 Compressed Oops: Enabled (32-bit)
 Heap Region Size: 1M
 Heap Min Capacity: 8M
 Heap Initial Capacity: 244M
 Heap Max Capacity: 2G
 Pre-touch: Disabled
 Parallel Workers: 13
 Concurrent Workers: 3
 Concurrent Refinement Workers: 13
 Periodic GC: Disabled
Heap:
 garbage-first heap   total 249856K, used 135866K [0x0000000080000000, 0x0000000100000000)
  region size 1024K, 6 young (6144K), 6 survivors (6144K)
 Metaspace       used 94496K, committed 95232K, reserved 1138688K
  class space    used 12702K, committed 13056K, reserved 1048576K
GC Heap History (20 events):
Event: 5.781 GC heap after
{Heap after GC invocations=31 (full 0):
 garbage-first heap   total 181248K, used 91897K [0x0000000080000000, 0x0000000100000000)
  region size 1024K, 1 young (1024K), 1 survivors (1024K)
 Metaspace       used 68941K, committed 69632K, reserved 1114112K
  class space    used 9122K, committed 9408K, reserved 1048576K
}
Event: 6.031 GC heap before
{Heap before GC invocations=31 (full 0):
 garbage-first heap   total 181248K, used 134905K [0x0000000080000000, 0x0000000100000000)
  region size 1024K, 43 young (44032K), 1 survivors (1024K)
 Metaspace       used 70116K, committed 70784K, reserved 1114112K
  class space    used 9293K, committed 9600K, reserved 1048576K
}
Event: 6.033 GC heap after
{Heap after GC invocations=32 (full 0):
 garbage-first heap   total 181248K, used 94740K [0x0000000080000000, 0x0000000100000000)
  region size 1024K, 4 young (4096K), 4 survivors (4096K)
 Metaspace       used 70116K, committed 70784K, reserved 1114112K
  class space    used 9293K, committed 9600K, reserved 1048576K
}
Event: 6.496 GC heap before
{Heap before GC invocations=33 (full 0):
 garbage-first heap   total 181248K, used 138772K [0x0000000080000000, 0x0000000100000000)
  region size 1024K, 46 young (47104K), 4 survivors (4096K)
 Metaspace       used 75376K, committed 76032K, reserved 1122304K
  class space    used 10205K, committed 10496K, reserved 1048576K
}
Event: 6.499 GC heap after
{Heap after GC invocations=34 (full 0):
 garbage-first heap   total 181248K, used 96999K [0x0000000080000000, 0x0000000100000000)
  region size 1024K, 3 young (3072K), 3 survivors (3072K)
 Metaspace       used 75376K, committed 76032K, reserved 1122304K
  class space    used 10205K, committed 10496K, reserved 1048576K
}
Event: 6.544 GC heap before
{Heap before GC invocations=34 (full 0):
 garbage-first heap   total 181248K, used 102119K [0x0000000080000000, 0x0000000100000000)
  region size 1024K, 8 young (8192K), 3 survivors (3072K)
 Metaspace       used 75855K, committed 76480K, reserved 1122304K
  class space    used 10268K, committed 10560K, reserved 1048576K
}
Event: 6.547 GC heap after
{Heap after GC invocations=35 (full 0):
 garbage-first heap   total 181248K, used 97198K [0x0000000080000000, 0x0000000100000000)
  region size 1024K, 1 young (1024K), 1 survivors (1024K)
 Metaspace       used 75855K, committed 76480K, reserved 1122304K
  class space    used 10268K, committed 10560K, reserved 1048576K
}
Event: 6.766 GC heap before
{Heap before GC invocations=35 (full 0):
 garbage-first heap   total 181248K, used 115630K [0x0000000080000000, 0x0000000100000000)
  region size 1024K, 20 young (20480K), 1 survivors (1024K)
 Metaspace       used 78041K, committed 78656K, reserved 1122304K
  class space    used 10561K, committed 10880K, reserved 1048576K
}
Event: 6.768 GC heap after
{Heap after GC invocations=36 (full 0):
 garbage-first heap   total 181248K, used 98633K [0x0000000080000000, 0x0000000100000000)
  region size 1024K, 2 young (2048K), 2 survivors (2048K)
 Metaspace       used 78041K, committed 78656K, reserved 1122304K
  class space    used 10561K, committed 10880K, reserved 1048576K
}
Event: 7.170 GC heap before
{Heap before GC invocations=37 (full 0):
 garbage-first heap   total 204800K, used 165193K [0x0000000080000000, 0x0000000100000000)
  region size 1024K, 46 young (47104K), 2 survivors (2048K)
 Metaspace       used 81548K, committed 82240K, reserved 1122304K
  class space    used 11065K, committed 11392K, reserved 1048576K
}
Event: 7.173 GC heap after
{Heap after GC invocations=38 (full 0):
 garbage-first heap   total 204800K, used 127769K [0x0000000080000000, 0x0000000100000000)
  region size 1024K, 6 young (6144K), 6 survivors (6144K)
 Metaspace       used 81548K, committed 82240K, reserved 1122304K
  class space    used 11065K, committed 11392K, reserved 1048576K
}
Event: 7.202 GC heap before
{Heap before GC invocations=38 (full 0):
 garbage-first heap   total 204800K, used 131865K [0x0000000080000000, 0x0000000100000000)
  region size 1024K, 10 young (10240K), 6 survivors (6144K)
 Metaspace       used 81758K, committed 82432K, reserved 1122304K
  class space    used 11114K, committed 11456K, reserved 1048576K
}
Event: 7.205 GC heap after
{Heap after GC invocations=39 (full 0):
 garbage-first heap   total 204800K, used 128603K [0x0000000080000000, 0x0000000100000000)
  region size 1024K, 1 young (1024K), 1 survivors (1024K)
 Metaspace       used 81758K, committed 82432K, reserved 1122304K
  class space    used 11114K, committed 11456K, reserved 1048576K
}
Event: 7.278 GC heap before
{Heap before GC invocations=39 (full 0):
 garbage-first heap   total 204800K, used 135771K [0x0000000080000000, 0x0000000100000000)
  region size 1024K, 10 young (10240K), 1 survivors (1024K)
 Metaspace       used 82453K, committed 83136K, reserved 1122304K
  class space    used 11187K, committed 11520K, reserved 1048576K
}
Event: 7.279 GC heap after
{Heap after GC invocations=40 (full 0):
 garbage-first heap   total 204800K, used 129246K [0x0000000080000000, 0x0000000100000000)
  region size 1024K, 2 young (2048K), 2 survivors (2048K)
 Metaspace       used 82453K, committed 83136K, reserved 1122304K
  class space    used 11187K, committed 11520K, reserved 1048576K
}
Event: 7.800 GC heap before
{Heap before GC invocations=41 (full 0):
 garbage-first heap   total 222208K, used 170206K [0x0000000080000000, 0x0000000100000000)
  region size 1024K, 41 young (41984K), 2 survivors (2048K)
 Metaspace       used 89264K, committed 89984K, reserved 1130496K
  class space    used 12063K, committed 12416K, reserved 1048576K
}
Event: 7.803 GC heap after
{Heap after GC invocations=42 (full 0):
 garbage-first heap   total 222208K, used 131016K [0x0000000080000000, 0x0000000100000000)
  region size 1024K, 4 young (4096K), 4 survivors (4096K)
 Metaspace       used 89264K, committed 89984K, reserved 1130496K
  class space    used 12063K, committed 12416K, reserved 1048576K
}
Event: 7.871 GC heap before
{Heap before GC invocations=42 (full 0):
 garbage-first heap   total 222208K, used 137160K [0x0000000080000000, 0x0000000100000000)
  region size 1024K, 10 young (10240K), 4 survivors (4096K)
 Metaspace       used 89928K, committed 90624K, reserved 1130496K
  class space    used 12166K, committed 12480K, reserved 1048576K
}
Event: 7.873 GC heap after
{Heap after GC invocations=43 (full 0):
 garbage-first heap   total 222208K, used 131287K [0x0000000080000000, 0x0000000100000000)
  region size 1024K, 1 young (1024K), 1 survivors (1024K)
 Metaspace       used 89928K, committed 90624K, reserved 1130496K
  class space    used 12166K, committed 12480K, reserved 1048576K
}
Event: 8.427 GC heap before
{Heap before GC invocations=43 (full 0):
 garbage-first heap   total 222208K, used 178391K [0x0000000080000000, 0x0000000100000000)
  region size 1024K, 47 young (48128K), 1 survivors (1024K)
 Metaspace       used 94496K, committed 95232K, reserved 1138688K
  class space    used 12702K, committed 13056K, reserved 1048576K
}

