# JRE version: OpenJDK Runtime Environment (17.0.6) (build 17.0.6+0-b2043.56-10027231)
# Java VM: OpenJDK 64-Bit Server VM (17.0.6+0-b2043.56-10027231, mixed mode, tiered, compressed oops, compressed class ptrs, g1 gc, windows-amd64)
GC Precious Log:
 CPUs: 16 total, 16 available
 Memory: 15613M
 Large Page Support: Disabled
 NUMA Support: Disabled
 Compressed Oops: Enabled (32-bit)
 Heap Region Size: 1M
 Heap Min Capacity: 8M
 Heap Initial Capacity: 244M
 Heap Max Capacity: 2G
 Pre-touch: Disabled
 Parallel Workers: 13
 Concurrent Workers: 3
 Concurrent Refinement Workers: 13
 Periodic GC: Disabled
Heap:
 garbage-first heap   total 242688K, used 149478K [0x0000000080000000, 0x0000000100000000)
  region size 1024K, 7 young (7168K), 2 survivors (2048K)
 Metaspace       used 102955K, committed 103808K, reserved 1138688K
  class space    used 13933K, committed 14336K, reserved 1048576K
GC Heap History (20 events):
Event: 12.448 GC heap before
{Heap before GC invocations=27 (full 0):
 garbage-first heap   total 210944K, used 106064K [0x0000000080000000, 0x0000000100000000)
  region size 1024K, 10 young (10240K), 3 survivors (3072K)
 Metaspace       used 80606K, committed 81280K, reserved 1122304K
  class space    used 11025K, committed 11328K, reserved 1048576K
}
Event: 12.450 GC heap after
{Heap after GC invocations=28 (full 0):
 garbage-first heap   total 210944K, used 99077K [0x0000000080000000, 0x0000000100000000)
  region size 1024K, 1 young (1024K), 1 survivors (1024K)
 Metaspace       used 80606K, committed 81280K, reserved 1122304K
  class space    used 11025K, committed 11328K, reserved 1048576K
}
Event: 12.959 GC heap before
{Heap before GC invocations=28 (full 0):
 garbage-first heap   total 210944K, used 117509K [0x0000000080000000, 0x0000000100000000)
  region size 1024K, 20 young (20480K), 1 survivors (1024K)
 Metaspace       used 82722K, committed 83328K, reserved 1122304K
  class space    used 11320K, committed 11584K, reserved 1048576K
}
Event: 12.962 GC heap after
{Heap after GC invocations=29 (full 0):
 garbage-first heap   total 210944K, used 100565K [0x0000000080000000, 0x0000000100000000)
  region size 1024K, 3 young (3072K), 3 survivors (3072K)
 Metaspace       used 82722K, committed 83328K, reserved 1122304K
  class space    used 11320K, committed 11584K, reserved 1048576K
}
Event: 14.159 GC heap before
{Heap before GC invocations=30 (full 0):
 garbage-first heap   total 210944K, used 186581K [0x0000000080000000, 0x0000000100000000)
  region size 1024K, 65 young (66560K), 3 survivors (3072K)
 Metaspace       used 88284K, committed 88960K, reserved 1130496K
  class space    used 12015K, committed 12288K, reserved 1048576K
}
Event: 14.162 GC heap after
{Heap after GC invocations=31 (full 0):
 garbage-first heap   total 210944K, used 130585K [0x0000000080000000, 0x0000000100000000)
  region size 1024K, 9 young (9216K), 9 survivors (9216K)
 Metaspace       used 88284K, committed 88960K, reserved 1130496K
  class space    used 12015K, committed 12288K, reserved 1048576K
}
Event: 14.175 GC heap before
{Heap before GC invocations=31 (full 0):
 garbage-first heap   total 210944K, used 131609K [0x0000000080000000, 0x0000000100000000)
  region size 1024K, 10 young (10240K), 9 survivors (9216K)
 Metaspace       used 88445K, committed 89152K, reserved 1130496K
  class space    used 12038K, committed 12352K, reserved 1048576K
}
Event: 14.177 GC heap after
{Heap after GC invocations=32 (full 0):
 garbage-first heap   total 210944K, used 131270K [0x0000000080000000, 0x0000000100000000)
  region size 1024K, 1 young (1024K), 1 survivors (1024K)
 Metaspace       used 88445K, committed 89152K, reserved 1130496K
  class space    used 12038K, committed 12352K, reserved 1048576K
}
Event: 15.430 GC heap before
{Heap before GC invocations=32 (full 0):
 garbage-first heap   total 210944K, used 175302K [0x0000000080000000, 0x0000000100000000)
  region size 1024K, 44 young (45056K), 1 survivors (1024K)
 Metaspace       used 95180K, committed 96000K, reserved 1138688K
  class space    used 13056K, committed 13440K, reserved 1048576K
}
Event: 15.440 GC heap after
{Heap after GC invocations=33 (full 0):
 garbage-first heap   total 210944K, used 133036K [0x0000000080000000, 0x0000000100000000)
  region size 1024K, 3 young (3072K), 3 survivors (3072K)
 Metaspace       used 95180K, committed 96000K, reserved 1138688K
  class space    used 13056K, committed 13440K, reserved 1048576K
}
Event: 16.169 GC heap before
{Heap before GC invocations=34 (full 0):
 garbage-first heap   total 227328K, used 175020K [0x0000000080000000, 0x0000000100000000)
  region size 1024K, 44 young (45056K), 3 survivors (3072K)
 Metaspace       used 98886K, committed 99584K, reserved 1138688K
  class space    used 13439K, committed 13760K, reserved 1048576K
}
Event: 16.173 GC heap after
{Heap after GC invocations=35 (full 0):
 garbage-first heap   total 227328K, used 136988K [0x0000000080000000, 0x0000000100000000)
  region size 1024K, 6 young (6144K), 6 survivors (6144K)
 Metaspace       used 98886K, committed 99584K, reserved 1138688K
  class space    used 13439K, committed 13760K, reserved 1048576K
}
Event: 16.182 GC heap before
{Heap before GC invocations=35 (full 0):
 garbage-first heap   total 227328K, used 142108K [0x0000000080000000, 0x0000000100000000)
  region size 1024K, 11 young (11264K), 6 survivors (6144K)
 Metaspace       used 98894K, committed 99584K, reserved 1138688K
  class space    used 13440K, committed 13760K, reserved 1048576K
}
Event: 16.186 GC heap after
{Heap after GC invocations=36 (full 0):
 garbage-first heap   total 227328K, used 137876K [0x0000000080000000, 0x0000000100000000)
  region size 1024K, 2 young (2048K), 2 survivors (2048K)
 Metaspace       used 98894K, committed 99584K, reserved 1138688K
  class space    used 13440K, committed 13760K, reserved 1048576K
}
Event: 17.458 GC heap before
{Heap before GC invocations=36 (full 0):
 garbage-first heap   total 227328K, used 187028K [0x0000000080000000, 0x0000000100000000)
  region size 1024K, 51 young (52224K), 2 survivors (2048K)
 Metaspace       used 100141K, committed 100928K, reserved 1138688K
  class space    used 13604K, committed 13952K, reserved 1048576K
}
Event: 17.461 GC heap after
{Heap after GC invocations=37 (full 0):
 garbage-first heap   total 227328K, used 141567K [0x0000000080000000, 0x0000000100000000)
  region size 1024K, 5 young (5120K), 5 survivors (5120K)
 Metaspace       used 100141K, committed 100928K, reserved 1138688K
  class space    used 13604K, committed 13952K, reserved 1048576K
}
Event: 18.484 GC heap before
{Heap before GC invocations=38 (full 0):
 garbage-first heap   total 242688K, used 187647K [0x0000000080000000, 0x0000000100000000)
  region size 1024K, 51 young (52224K), 5 survivors (5120K)
 Metaspace       used 102308K, committed 103104K, reserved 1138688K
  class space    used 13850K, committed 14272K, reserved 1048576K
}
Event: 18.487 GC heap after
{Heap after GC invocations=39 (full 0):
 garbage-first heap   total 242688K, used 144648K [0x0000000080000000, 0x0000000100000000)
  region size 1024K, 4 young (4096K), 4 survivors (4096K)
 Metaspace       used 102308K, committed 103104K, reserved 1138688K
  class space    used 13850K, committed 14272K, reserved 1048576K
}
Event: 18.805 GC heap before
{Heap before GC invocations=39 (full 0):
 garbage-first heap   total 242688K, used 151816K [0x0000000080000000, 0x0000000100000000)
  region size 1024K, 11 young (11264K), 4 survivors (4096K)
 Metaspace       used 102776K, committed 103616K, reserved 1138688K
  class space    used 13902K, committed 14272K, reserved 1048576K
}
Event: 18.809 GC heap after
{Heap after GC invocations=40 (full 0):
 garbage-first heap   total 242688K, used 145382K [0x0000000080000000, 0x0000000100000000)
  region size 1024K, 2 young (2048K), 2 survivors (2048K)
 Metaspace       used 102776K, committed 103616K, reserved 1138688K
  class space    used 13902K, committed 14272K, reserved 1048576K
}

