# JRE version: OpenJDK Runtime Environment (17.0.6) (build 17.0.6+0-b2043.56-10027231)
# Java VM: OpenJDK 64-Bit Server VM (17.0.6+0-b2043.56-10027231, mixed mode, tiered, compressed oops, compressed class ptrs, g1 gc, windows-amd64)
GC Precious Log:
 CPUs: 16 total, 16 available
 Memory: 15613M
 Large Page Support: Disabled
 NUMA Support: Disabled
 Compressed Oops: Enabled (32-bit)
 Heap Region Size: 1M
 Heap Min Capacity: 8M
 Heap Initial Capacity: 244M
 Heap Max Capacity: 2G
 Pre-touch: Disabled
 Parallel Workers: 13
 Concurrent Workers: 3
 Concurrent Refinement Workers: 13
 Periodic GC: Disabled
Heap:
 garbage-first heap   total 132096K, used 79258K [0x0000000080000000, 0x0000000100000000)
  region size 1024K, 4 young (4096K), 4 survivors (4096K)
 Metaspace       used 85300K, committed 85888K, reserved 1130496K
  class space    used 11800K, committed 12096K, reserved 1048576K
GC Heap History (20 events):
Event: 3.705 GC heap after
{Heap after GC invocations=17 (full 0):
 garbage-first heap   total 120832K, used 37695K [0x0000000080000000, 0x0000000100000000)
  region size 1024K, 7 young (7168K), 7 survivors (7168K)
 Metaspace       used 51900K, committed 52416K, reserved 1097728K
  class space    used 6818K, committed 7040K, reserved 1048576K
}
Event: 4.241 GC heap before
{Heap before GC invocations=17 (full 0):
 garbage-first heap   total 120832K, used 96063K [0x0000000080000000, 0x0000000100000000)
  region size 1024K, 61 young (62464K), 7 survivors (7168K)
 Metaspace       used 58915K, committed 59392K, reserved 1105920K
  class space    used 7720K, committed 7936K, reserved 1048576K
}
Event: 4.245 GC heap after
{Heap after GC invocations=18 (full 0):
 garbage-first heap   total 120832K, used 47632K [0x0000000080000000, 0x0000000100000000)
  region size 1024K, 7 young (7168K), 7 survivors (7168K)
 Metaspace       used 58915K, committed 59392K, reserved 1105920K
  class space    used 7720K, committed 7936K, reserved 1048576K
}
Event: 4.666 GC heap before
{Heap before GC invocations=18 (full 0):
 garbage-first heap   total 120832K, used 100880K [0x0000000080000000, 0x0000000100000000)
  region size 1024K, 53 young (54272K), 7 survivors (7168K)
 Metaspace       used 64859K, committed 65408K, reserved 1105920K
  class space    used 8520K, committed 8768K, reserved 1048576K
}
Event: 4.669 GC heap after
{Heap after GC invocations=19 (full 0):
 garbage-first heap   total 120832K, used 52581K [0x0000000080000000, 0x0000000100000000)
  region size 1024K, 6 young (6144K), 6 survivors (6144K)
 Metaspace       used 64859K, committed 65408K, reserved 1105920K
  class space    used 8520K, committed 8768K, reserved 1048576K
}
Event: 4.947 GC heap before
{Heap before GC invocations=19 (full 0):
 garbage-first heap   total 120832K, used 95589K [0x0000000080000000, 0x0000000100000000)
  region size 1024K, 48 young (49152K), 6 survivors (6144K)
 Metaspace       used 67403K, committed 67968K, reserved 1114112K
  class space    used 8856K, committed 9088K, reserved 1048576K
}
Event: 4.950 GC heap after
{Heap after GC invocations=20 (full 0):
 garbage-first heap   total 120832K, used 55938K [0x0000000080000000, 0x0000000100000000)
  region size 1024K, 4 young (4096K), 4 survivors (4096K)
 Metaspace       used 67403K, committed 67968K, reserved 1114112K
  class space    used 8856K, committed 9088K, reserved 1048576K
}
Event: 5.255 GC heap before
{Heap before GC invocations=20 (full 0):
 garbage-first heap   total 120832K, used 95874K [0x0000000080000000, 0x0000000100000000)
  region size 1024K, 43 young (44032K), 4 survivors (4096K)
 Metaspace       used 70073K, committed 70592K, reserved 1114112K
  class space    used 9225K, committed 9472K, reserved 1048576K
}
Event: 5.258 GC heap after
{Heap after GC invocations=21 (full 0):
 garbage-first heap   total 120832K, used 59004K [0x0000000080000000, 0x0000000100000000)
  region size 1024K, 4 young (4096K), 4 survivors (4096K)
 Metaspace       used 70073K, committed 70592K, reserved 1114112K
  class space    used 9225K, committed 9472K, reserved 1048576K
}
Event: 5.674 GC heap before
{Heap before GC invocations=21 (full 0):
 garbage-first heap   total 120832K, used 96892K [0x0000000080000000, 0x0000000100000000)
  region size 1024K, 41 young (41984K), 4 survivors (4096K)
 Metaspace       used 74508K, committed 75072K, reserved 1114112K
  class space    used 10028K, committed 10304K, reserved 1048576K
}
Event: 5.677 GC heap after
{Heap after GC invocations=22 (full 0):
 garbage-first heap   total 120832K, used 61489K [0x0000000080000000, 0x0000000100000000)
  region size 1024K, 6 young (6144K), 6 survivors (6144K)
 Metaspace       used 74508K, committed 75072K, reserved 1114112K
  class space    used 10028K, committed 10304K, reserved 1048576K
}
Event: 6.126 GC heap before
{Heap before GC invocations=23 (full 0):
 garbage-first heap   total 120832K, used 98353K [0x0000000080000000, 0x0000000100000000)
  region size 1024K, 42 young (43008K), 6 survivors (6144K)
 Metaspace       used 78448K, committed 78976K, reserved 1122304K
  class space    used 10645K, committed 10880K, reserved 1048576K
}
Event: 6.129 GC heap after
{Heap after GC invocations=24 (full 0):
 garbage-first heap   total 120832K, used 63811K [0x0000000080000000, 0x0000000100000000)
  region size 1024K, 6 young (6144K), 6 survivors (6144K)
 Metaspace       used 78448K, committed 78976K, reserved 1122304K
  class space    used 10645K, committed 10880K, reserved 1048576K
}
Event: 6.470 GC heap before
{Heap before GC invocations=24 (full 0):
 garbage-first heap   total 120832K, used 98627K [0x0000000080000000, 0x0000000100000000)
  region size 1024K, 40 young (40960K), 6 survivors (6144K)
 Metaspace       used 82191K, committed 82752K, reserved 1122304K
  class space    used 11142K, committed 11392K, reserved 1048576K
}
Event: 6.474 GC heap after
{Heap after GC invocations=25 (full 0):
 garbage-first heap   total 120832K, used 66730K [0x0000000080000000, 0x0000000100000000)
  region size 1024K, 5 young (5120K), 5 survivors (5120K)
 Metaspace       used 82191K, committed 82752K, reserved 1122304K
  class space    used 11142K, committed 11392K, reserved 1048576K
}
Event: 6.661 GC heap before
{Heap before GC invocations=26 (full 0):
 garbage-first heap   total 121856K, used 99498K [0x0000000080000000, 0x0000000100000000)
  region size 1024K, 37 young (37888K), 5 survivors (5120K)
 Metaspace       used 82514K, committed 83072K, reserved 1122304K
  class space    used 11176K, committed 11456K, reserved 1048576K
}
Event: 6.665 GC heap after
{Heap after GC invocations=27 (full 0):
 garbage-first heap   total 121856K, used 72040K [0x0000000080000000, 0x0000000100000000)
  region size 1024K, 5 young (5120K), 5 survivors (5120K)
 Metaspace       used 82514K, committed 83072K, reserved 1122304K
  class space    used 11176K, committed 11456K, reserved 1048576K
}
Event: 7.014 GC heap before
{Heap before GC invocations=27 (full 0):
 garbage-first heap   total 121856K, used 98664K [0x0000000080000000, 0x0000000100000000)
  region size 1024K, 32 young (32768K), 5 survivors (5120K)
 Metaspace       used 84282K, committed 84864K, reserved 1130496K
  class space    used 11520K, committed 11776K, reserved 1048576K
}
Event: 7.017 GC heap after
{Heap after GC invocations=28 (full 0):
 garbage-first heap   total 121856K, used 76315K [0x0000000080000000, 0x0000000100000000)
  region size 1024K, 4 young (4096K), 4 survivors (4096K)
 Metaspace       used 84282K, committed 84864K, reserved 1130496K
  class space    used 11520K, committed 11776K, reserved 1048576K
}
Event: 7.163 GC heap before
{Heap before GC invocations=29 (full 0):
 garbage-first heap   total 132096K, used 98843K [0x0000000080000000, 0x0000000100000000)
  region size 1024K, 27 young (27648K), 4 survivors (4096K)
 Metaspace       used 85300K, committed 85888K, reserved 1130496K
  class space    used 11800K, committed 12096K, reserved 1048576K
}

