# JRE version: OpenJDK Runtime Environment (17.0.6) (build 17.0.6+0-b2043.56-10027231)
# Java VM: OpenJDK 64-Bit Server VM (17.0.6+0-b2043.56-10027231, mixed mode, tiered, compressed oops, compressed class ptrs, g1 gc, windows-amd64)
GC Precious Log:
 CPUs: 16 total, 16 available
 Memory: 15613M
 Large Page Support: Disabled
 NUMA Support: Disabled
 Compressed Oops: Enabled (32-bit)
 Heap Region Size: 1M
 Heap Min Capacity: 8M
 Heap Initial Capacity: 244M
 Heap Max Capacity: 2G
 Pre-touch: Disabled
 Parallel Workers: 13
 Concurrent Workers: 3
 Concurrent Refinement Workers: 13
 Periodic GC: Disabled
Heap:
 garbage-first heap   total 303104K, used 178868K [0x0000000080000000, 0x0000000100000000)
  region size 1024K, 52 young (53248K), 1 survivors (1024K)
 Metaspace       used 87604K, committed 88320K, reserved 1130496K
  class space    used 11838K, committed 12160K, reserved 1048576K
GC Heap History (20 events):
Event: 3.889 GC heap before
{Heap before GC invocations=25 (full 0):
 garbage-first heap   total 144384K, used 107773K [0x0000000080000000, 0x0000000100000000)
  region size 1024K, 38 young (38912K), 3 survivors (3072K)
 Metaspace       used 54328K, committed 54912K, reserved 1097728K
  class space    used 7216K, committed 7424K, reserved 1048576K
}
Event: 3.891 GC heap after
{Heap after GC invocations=26 (full 0):
 garbage-first heap   total 144384K, used 75700K [0x0000000080000000, 0x0000000100000000)
  region size 1024K, 3 young (3072K), 3 survivors (3072K)
 Metaspace       used 54328K, committed 54912K, reserved 1097728K
  class space    used 7216K, committed 7424K, reserved 1048576K
}
Event: 3.940 GC heap before
{Heap before GC invocations=26 (full 0):
 garbage-first heap   total 144384K, used 81844K [0x0000000080000000, 0x0000000100000000)
  region size 1024K, 10 young (10240K), 3 survivors (3072K)
 Metaspace       used 54459K, committed 55040K, reserved 1097728K
  class space    used 7227K, committed 7488K, reserved 1048576K
}
Event: 3.942 GC heap after
{Heap after GC invocations=27 (full 0):
 garbage-first heap   total 144384K, used 76596K [0x0000000080000000, 0x0000000100000000)
  region size 1024K, 1 young (1024K), 1 survivors (1024K)
 Metaspace       used 54459K, committed 55040K, reserved 1097728K
  class space    used 7227K, committed 7488K, reserved 1048576K
}
Event: 4.196 GC heap before
{Heap before GC invocations=28 (full 0):
 garbage-first heap   total 144384K, used 116532K [0x0000000080000000, 0x0000000100000000)
  region size 1024K, 37 young (37888K), 1 survivors (1024K)
 Metaspace       used 58781K, committed 59392K, reserved 1105920K
  class space    used 7797K, committed 8064K, reserved 1048576K
}
Event: 4.198 GC heap after
{Heap after GC invocations=29 (full 0):
 garbage-first heap   total 144384K, used 85160K [0x0000000080000000, 0x0000000100000000)
  region size 1024K, 5 young (5120K), 5 survivors (5120K)
 Metaspace       used 58781K, committed 59392K, reserved 1105920K
  class space    used 7797K, committed 8064K, reserved 1048576K
}
Event: 4.211 GC heap before
{Heap before GC invocations=29 (full 0):
 garbage-first heap   total 144384K, used 87208K [0x0000000080000000, 0x0000000100000000)
  region size 1024K, 7 young (7168K), 5 survivors (5120K)
 Metaspace       used 59167K, committed 59776K, reserved 1105920K
  class space    used 7836K, committed 8128K, reserved 1048576K
}
Event: 4.213 GC heap after
{Heap after GC invocations=30 (full 0):
 garbage-first heap   total 144384K, used 85335K [0x0000000080000000, 0x0000000100000000)
  region size 1024K, 1 young (1024K), 1 survivors (1024K)
 Metaspace       used 59167K, committed 59776K, reserved 1105920K
  class space    used 7836K, committed 8128K, reserved 1048576K
}
Event: 4.543 GC heap before
{Heap before GC invocations=30 (full 0):
 garbage-first heap   total 144384K, used 116055K [0x0000000080000000, 0x0000000100000000)
  region size 1024K, 31 young (31744K), 1 survivors (1024K)
 Metaspace       used 64980K, committed 65664K, reserved 1105920K
  class space    used 8613K, committed 8960K, reserved 1048576K
}
Event: 4.545 GC heap after
{Heap after GC invocations=31 (full 0):
 garbage-first heap   total 144384K, used 87574K [0x0000000080000000, 0x0000000100000000)
  region size 1024K, 3 young (3072K), 3 survivors (3072K)
 Metaspace       used 64980K, committed 65664K, reserved 1105920K
  class space    used 8613K, committed 8960K, reserved 1048576K
}
Event: 4.724 GC heap before
{Heap before GC invocations=32 (full 0):
 garbage-first heap   total 153600K, used 123414K [0x0000000080000000, 0x0000000100000000)
  region size 1024K, 32 young (32768K), 3 survivors (3072K)
 Metaspace       used 66853K, committed 67584K, reserved 1114112K
  class space    used 8865K, committed 9216K, reserved 1048576K
}
Event: 4.726 GC heap after
{Heap after GC invocations=33 (full 0):
 garbage-first heap   total 153600K, used 90397K [0x0000000080000000, 0x0000000100000000)
  region size 1024K, 4 young (4096K), 4 survivors (4096K)
 Metaspace       used 66853K, committed 67584K, reserved 1114112K
  class space    used 8865K, committed 9216K, reserved 1048576K
}
Event: 4.747 GC heap before
{Heap before GC invocations=33 (full 0):
 garbage-first heap   total 153600K, used 93469K [0x0000000080000000, 0x0000000100000000)
  region size 1024K, 7 young (7168K), 4 survivors (4096K)
 Metaspace       used 67085K, committed 67776K, reserved 1114112K
  class space    used 8899K, committed 9216K, reserved 1048576K
}
Event: 4.748 GC heap after
{Heap after GC invocations=34 (full 0):
 garbage-first heap   total 153600K, used 90604K [0x0000000080000000, 0x0000000100000000)
  region size 1024K, 1 young (1024K), 1 survivors (1024K)
 Metaspace       used 67085K, committed 67776K, reserved 1114112K
  class space    used 8899K, committed 9216K, reserved 1048576K
}
Event: 4.971 GC heap before
{Heap before GC invocations=34 (full 0):
 garbage-first heap   total 153600K, used 124396K [0x0000000080000000, 0x0000000100000000)
  region size 1024K, 34 young (34816K), 1 survivors (1024K)
 Metaspace       used 69230K, committed 69888K, reserved 1114112K
  class space    used 9179K, committed 9472K, reserved 1048576K
}
Event: 4.973 GC heap after
{Heap after GC invocations=35 (full 0):
 garbage-first heap   total 303104K, used 92606K [0x0000000080000000, 0x0000000100000000)
  region size 1024K, 3 young (3072K), 3 survivors (3072K)
 Metaspace       used 69230K, committed 69888K, reserved 1114112K
  class space    used 9179K, committed 9472K, reserved 1048576K
}
Event: 6.203 GC heap before
{Heap before GC invocations=36 (full 0):
 garbage-first heap   total 303104K, used 245182K [0x0000000080000000, 0x0000000100000000)
  region size 1024K, 130 young (133120K), 3 survivors (3072K)
 Metaspace       used 80852K, committed 81600K, reserved 1122304K
  class space    used 10984K, committed 11328K, reserved 1048576K
}
Event: 6.209 GC heap after
{Heap after GC invocations=37 (full 0):
 garbage-first heap   total 303104K, used 127588K [0x0000000080000000, 0x0000000100000000)
  region size 1024K, 15 young (15360K), 15 survivors (15360K)
 Metaspace       used 80852K, committed 81600K, reserved 1122304K
  class space    used 10984K, committed 11328K, reserved 1048576K
}
Event: 6.210 GC heap before
{Heap before GC invocations=37 (full 0):
 garbage-first heap   total 303104K, used 128612K [0x0000000080000000, 0x0000000100000000)
  region size 1024K, 16 young (16384K), 15 survivors (15360K)
 Metaspace       used 80860K, committed 81600K, reserved 1122304K
  class space    used 10984K, committed 11328K, reserved 1048576K
}
Event: 6.214 GC heap after
{Heap after GC invocations=38 (full 0):
 garbage-first heap   total 303104K, used 127668K [0x0000000080000000, 0x0000000100000000)
  region size 1024K, 1 young (1024K), 1 survivors (1024K)
 Metaspace       used 80860K, committed 81600K, reserved 1122304K
  class space    used 10984K, committed 11328K, reserved 1048576K
}

