# JRE version: OpenJDK Runtime Environment (17.0.6) (build 17.0.6+0-b2043.56-10027231)
# Java VM: OpenJDK 64-Bit Server VM (17.0.6+0-b2043.56-10027231, mixed mode, tiered, compressed oops, compressed class ptrs, g1 gc, windows-amd64)
GC Precious Log:
 CPUs: 16 total, 16 available
 Memory: 15613M
 Large Page Support: Disabled
 NUMA Support: Disabled
 Compressed Oops: Enabled (32-bit)
 Heap Region Size: 1M
 Heap Min Capacity: 8M
 Heap Initial Capacity: 244M
 Heap Max Capacity: 2G
 Pre-touch: Disabled
 Parallel Workers: 13
 Concurrent Workers: 3
 Concurrent Refinement Workers: 13
 Periodic GC: Disabled
Heap:
 garbage-first heap   total 206848K, used 55773K [0x0000000080000000, 0x0000000100000000)
  region size 1024K, 3 young (3072K), 3 survivors (3072K)
 Metaspace       used 67326K, committed 67840K, reserved 1114112K
  class space    used 8865K, committed 9088K, reserved 1048576K
GC Heap History (20 events):
Event: 2.321 GC heap after
{Heap after GC invocations=9 (full 0):
 garbage-first heap   total 68608K, used 24195K [0x0000000080000000, 0x0000000100000000)
  region size 1024K, 3 young (3072K), 3 survivors (3072K)
 Metaspace       used 35655K, committed 35968K, reserved 1081344K
  class space    used 4874K, committed 5056K, reserved 1048576K
}
Event: 2.549 GC heap before
{Heap before GC invocations=10 (full 0):
 garbage-first heap   total 68608K, used 49795K [0x0000000080000000, 0x0000000100000000)
  region size 1024K, 29 young (29696K), 3 survivors (3072K)
 Metaspace       used 40550K, committed 40896K, reserved 1089536K
  class space    used 5357K, committed 5504K, reserved 1048576K
}
Event: 2.551 GC heap after
{Heap after GC invocations=11 (full 0):
 garbage-first heap   total 68608K, used 28120K [0x0000000080000000, 0x0000000100000000)
  region size 1024K, 4 young (4096K), 4 survivors (4096K)
 Metaspace       used 40550K, committed 40896K, reserved 1089536K
  class space    used 5357K, committed 5504K, reserved 1048576K
}
Event: 2.552 GC heap before
{Heap before GC invocations=11 (full 0):
 garbage-first heap   total 68608K, used 29144K [0x0000000080000000, 0x0000000100000000)
  region size 1024K, 5 young (5120K), 4 survivors (4096K)
 Metaspace       used 40550K, committed 40896K, reserved 1089536K
  class space    used 5357K, committed 5504K, reserved 1048576K
}
Event: 2.554 GC heap after
{Heap after GC invocations=12 (full 0):
 garbage-first heap   total 98304K, used 28277K [0x0000000080000000, 0x0000000100000000)
  region size 1024K, 1 young (1024K), 1 survivors (1024K)
 Metaspace       used 40550K, committed 40896K, reserved 1089536K
  class space    used 5357K, committed 5504K, reserved 1048576K
}
Event: 2.955 GC heap before
{Heap before GC invocations=12 (full 0):
 garbage-first heap   total 98304K, used 72309K [0x0000000080000000, 0x0000000100000000)
  region size 1024K, 42 young (43008K), 1 survivors (1024K)
 Metaspace       used 44418K, committed 44736K, reserved 1089536K
  class space    used 5834K, committed 5952K, reserved 1048576K
}
Event: 2.957 GC heap after
{Heap after GC invocations=13 (full 0):
 garbage-first heap   total 98304K, used 32257K [0x0000000080000000, 0x0000000100000000)
  region size 1024K, 5 young (5120K), 5 survivors (5120K)
 Metaspace       used 44418K, committed 44736K, reserved 1089536K
  class space    used 5834K, committed 5952K, reserved 1048576K
}
Event: 3.320 GC heap before
{Heap before GC invocations=13 (full 0):
 garbage-first heap   total 98304K, used 72193K [0x0000000080000000, 0x0000000100000000)
  region size 1024K, 44 young (45056K), 5 survivors (5120K)
 Metaspace       used 50135K, committed 50496K, reserved 1097728K
  class space    used 6610K, committed 6784K, reserved 1048576K
}
Event: 3.322 GC heap after
{Heap after GC invocations=14 (full 0):
 garbage-first heap   total 98304K, used 34642K [0x0000000080000000, 0x0000000100000000)
  region size 1024K, 3 young (3072K), 3 survivors (3072K)
 Metaspace       used 50135K, committed 50496K, reserved 1097728K
  class space    used 6610K, committed 6784K, reserved 1048576K
}
Event: 3.633 GC heap before
{Heap before GC invocations=14 (full 0):
 garbage-first heap   total 98304K, used 74578K [0x0000000080000000, 0x0000000100000000)
  region size 1024K, 42 young (43008K), 3 survivors (3072K)
 Metaspace       used 51918K, committed 52416K, reserved 1097728K
  class space    used 6828K, committed 7040K, reserved 1048576K
}
Event: 3.635 GC heap after
{Heap after GC invocations=15 (full 0):
 garbage-first heap   total 98304K, used 38117K [0x0000000080000000, 0x0000000100000000)
  region size 1024K, 6 young (6144K), 6 survivors (6144K)
 Metaspace       used 51918K, committed 52416K, reserved 1097728K
  class space    used 6828K, committed 7040K, reserved 1048576K
}
Event: 3.959 GC heap before
{Heap before GC invocations=15 (full 0):
 garbage-first heap   total 98304K, used 80101K [0x0000000080000000, 0x0000000100000000)
  region size 1024K, 43 young (44032K), 6 survivors (6144K)
 Metaspace       used 55941K, committed 56320K, reserved 1105920K
  class space    used 7387K, committed 7552K, reserved 1048576K
}
Event: 3.961 GC heap after
{Heap after GC invocations=16 (full 0):
 garbage-first heap   total 98304K, used 47198K [0x0000000080000000, 0x0000000100000000)
  region size 1024K, 6 young (6144K), 6 survivors (6144K)
 Metaspace       used 55941K, committed 56320K, reserved 1105920K
  class space    used 7387K, committed 7552K, reserved 1048576K
}
Event: 4.227 GC heap before
{Heap before GC invocations=16 (full 0):
 garbage-first heap   total 98304K, used 71774K [0x0000000080000000, 0x0000000100000000)
  region size 1024K, 31 young (31744K), 6 survivors (6144K)
 Metaspace       used 59794K, committed 60288K, reserved 1105920K
  class space    used 7874K, committed 8128K, reserved 1048576K
}
Event: 4.229 GC heap after
{Heap after GC invocations=17 (full 0):
 garbage-first heap   total 98304K, used 48852K [0x0000000080000000, 0x0000000100000000)
  region size 1024K, 2 young (2048K), 2 survivors (2048K)
 Metaspace       used 59794K, committed 60288K, reserved 1105920K
  class space    used 7874K, committed 8128K, reserved 1048576K
}
Event: 4.402 GC heap before
{Heap before GC invocations=18 (full 0):
 garbage-first heap   total 98304K, used 62164K [0x0000000080000000, 0x0000000100000000)
  region size 1024K, 16 young (16384K), 2 survivors (2048K)
 Metaspace       used 63135K, committed 63680K, reserved 1105920K
  class space    used 8313K, committed 8576K, reserved 1048576K
}
Event: 4.404 GC heap after
{Heap after GC invocations=19 (full 0):
 garbage-first heap   total 98304K, used 50611K [0x0000000080000000, 0x0000000100000000)
  region size 1024K, 3 young (3072K), 3 survivors (3072K)
 Metaspace       used 63135K, committed 63680K, reserved 1105920K
  class space    used 8313K, committed 8576K, reserved 1048576K
}
Event: 4.585 GC heap before
{Heap before GC invocations=20 (full 0):
 garbage-first heap   total 107520K, used 82355K [0x0000000080000000, 0x0000000100000000)
  region size 1024K, 29 young (29696K), 3 survivors (3072K)
 Metaspace       used 64830K, committed 65344K, reserved 1105920K
  class space    used 8539K, committed 8768K, reserved 1048576K
}
Event: 4.587 GC heap after
{Heap after GC invocations=21 (full 0):
 garbage-first heap   total 107520K, used 53165K [0x0000000080000000, 0x0000000100000000)
  region size 1024K, 4 young (4096K), 4 survivors (4096K)
 Metaspace       used 64830K, committed 65344K, reserved 1105920K
  class space    used 8539K, committed 8768K, reserved 1048576K
}
Event: 4.806 GC heap before
{Heap before GC invocations=21 (full 0):
 garbage-first heap   total 107520K, used 82861K [0x0000000080000000, 0x0000000100000000)
  region size 1024K, 33 young (33792K), 4 survivors (4096K)
 Metaspace       used 67326K, committed 67840K, reserved 1114112K
  class space    used 8865K, committed 9088K, reserved 1048576K
}

