# JRE version: OpenJDK Runtime Environment (17.0.6) (build 17.0.6+0-b2043.56-10027231)
# Java VM: OpenJDK 64-Bit Server VM (17.0.6+0-b2043.56-10027231, mixed mode, tiered, compressed oops, compressed class ptrs, g1 gc, windows-amd64)
GC Precious Log:
 CPUs: 16 total, 16 available
 Memory: 15613M
 Large Page Support: Disabled
 NUMA Support: Disabled
 Compressed Oops: Enabled (32-bit)
 Heap Region Size: 1M
 Heap Min Capacity: 8M
 Heap Initial Capacity: 244M
 Heap Max Capacity: 2G
 Pre-touch: Disabled
 Parallel Workers: 13
 Concurrent Workers: 3
 Concurrent Refinement Workers: 13
 Periodic GC: Disabled
Heap:
 garbage-first heap   total 293888K, used 216703K [0x0000000080000000, 0x0000000100000000)
  region size 1024K, 51 young (52224K), 6 survivors (6144K)
 Metaspace       used 138630K, committed 139840K, reserved 1171456K
  class space    used 18658K, committed 19200K, reserved 1048576K
GC Heap History (20 events):
Event: 458.396 GC heap before
{Heap before GC invocations=44 (full 0):
 garbage-first heap   total 252928K, used 175203K [0x0000000080000000, 0x0000000100000000)
  region size 1024K, 27 young (27648K), 1 survivors (1024K)
 Metaspace       used 107600K, committed 108544K, reserved 1146880K
  class space    used 14601K, committed 15040K, reserved 1048576K
}
Event: 458.401 GC heap after
{Heap after GC invocations=45 (full 0):
 garbage-first heap   total 252928K, used 152011K [0x0000000080000000, 0x0000000100000000)
  region size 1024K, 4 young (4096K), 4 survivors (4096K)
 Metaspace       used 107600K, committed 108544K, reserved 1146880K
  class space    used 14601K, committed 15040K, reserved 1048576K
}
Event: 460.090 GC heap before
{Heap before GC invocations=46 (full 0):
 garbage-first heap   total 261120K, used 216523K [0x0000000080000000, 0x0000000100000000)
  region size 1024K, 60 young (61440K), 4 survivors (4096K)
 Metaspace       used 113113K, committed 114112K, reserved 1155072K
  class space    used 15276K, committed 15744K, reserved 1048576K
}
Event: 460.093 GC heap after
{Heap after GC invocations=47 (full 0):
 garbage-first heap   total 261120K, used 155592K [0x0000000080000000, 0x0000000100000000)
  region size 1024K, 7 young (7168K), 7 survivors (7168K)
 Metaspace       used 113113K, committed 114112K, reserved 1155072K
  class space    used 15276K, committed 15744K, reserved 1048576K
}
Event: 460.213 GC heap before
{Heap before GC invocations=47 (full 0):
 garbage-first heap   total 261120K, used 159688K [0x0000000080000000, 0x0000000100000000)
  region size 1024K, 12 young (12288K), 7 survivors (7168K)
 Metaspace       used 114020K, committed 115008K, reserved 1155072K
  class space    used 15387K, committed 15872K, reserved 1048576K
}
Event: 460.217 GC heap after
{Heap after GC invocations=48 (full 0):
 garbage-first heap   total 261120K, used 153394K [0x0000000080000000, 0x0000000100000000)
  region size 1024K, 1 young (1024K), 1 survivors (1024K)
 Metaspace       used 114020K, committed 115008K, reserved 1155072K
  class space    used 15387K, committed 15872K, reserved 1048576K
}
Event: 461.116 GC heap before
{Heap before GC invocations=48 (full 0):
 garbage-first heap   total 261120K, used 216882K [0x0000000080000000, 0x0000000100000000)
  region size 1024K, 63 young (64512K), 1 survivors (1024K)
 Metaspace       used 118308K, committed 119360K, reserved 1155072K
  class space    used 15967K, committed 16448K, reserved 1048576K
}
Event: 461.120 GC heap after
{Heap after GC invocations=49 (full 0):
 garbage-first heap   total 261120K, used 157578K [0x0000000080000000, 0x0000000100000000)
  region size 1024K, 5 young (5120K), 5 survivors (5120K)
 Metaspace       used 118308K, committed 119360K, reserved 1155072K
  class space    used 15967K, committed 16448K, reserved 1048576K
}
Event: 462.050 GC heap before
{Heap before GC invocations=50 (full 0):
 garbage-first heap   total 268288K, used 219018K [0x0000000080000000, 0x0000000100000000)
  region size 1024K, 65 young (66560K), 5 survivors (5120K)
 Metaspace       used 125750K, committed 126784K, reserved 1163264K
  class space    used 17179K, committed 17664K, reserved 1048576K
}
Event: 462.053 GC heap after
{Heap after GC invocations=51 (full 0):
 garbage-first heap   total 268288K, used 162160K [0x0000000080000000, 0x0000000100000000)
  region size 1024K, 9 young (9216K), 9 survivors (9216K)
 Metaspace       used 125750K, committed 126784K, reserved 1163264K
  class space    used 17179K, committed 17664K, reserved 1048576K
}
Event: 462.261 GC heap before
{Heap before GC invocations=51 (full 0):
 garbage-first heap   total 268288K, used 166256K [0x0000000080000000, 0x0000000100000000)
  region size 1024K, 13 young (13312K), 9 survivors (9216K)
 Metaspace       used 126965K, committed 128000K, reserved 1163264K
  class space    used 17228K, committed 17728K, reserved 1048576K
}
Event: 462.265 GC heap after
{Heap after GC invocations=52 (full 0):
 garbage-first heap   total 268288K, used 161380K [0x0000000080000000, 0x0000000100000000)
  region size 1024K, 2 young (2048K), 2 survivors (2048K)
 Metaspace       used 126965K, committed 128000K, reserved 1163264K
  class space    used 17228K, committed 17728K, reserved 1048576K
}
Event: 462.881 GC heap before
{Heap before GC invocations=52 (full 0):
 garbage-first heap   total 268288K, used 201316K [0x0000000080000000, 0x0000000100000000)
  region size 1024K, 43 young (44032K), 2 survivors (2048K)
 Metaspace       used 133467K, committed 134528K, reserved 1171456K
  class space    used 18087K, committed 18624K, reserved 1048576K
}
Event: 462.884 GC heap after
{Heap after GC invocations=53 (full 0):
 garbage-first heap   total 268288K, used 163198K [0x0000000080000000, 0x0000000100000000)
  region size 1024K, 4 young (4096K), 4 survivors (4096K)
 Metaspace       used 133467K, committed 134528K, reserved 1171456K
  class space    used 18087K, committed 18624K, reserved 1048576K
}
Event: 463.189 GC heap before
{Heap before GC invocations=54 (full 0):
 garbage-first heap   total 281600K, used 224638K [0x0000000080000000, 0x0000000100000000)
  region size 1024K, 64 young (65536K), 4 survivors (4096K)
 Metaspace       used 134590K, committed 135680K, reserved 1171456K
  class space    used 18148K, committed 18624K, reserved 1048576K
}
Event: 463.196 GC heap after
{Heap after GC invocations=55 (full 0):
 garbage-first heap   total 281600K, used 168533K [0x0000000080000000, 0x0000000100000000)
  region size 1024K, 8 young (8192K), 8 survivors (8192K)
 Metaspace       used 134590K, committed 135680K, reserved 1171456K
  class space    used 18148K, committed 18624K, reserved 1048576K
}
Event: 463.206 GC heap before
{Heap before GC invocations=55 (full 0):
 garbage-first heap   total 281600K, used 173653K [0x0000000080000000, 0x0000000100000000)
  region size 1024K, 13 young (13312K), 8 survivors (8192K)
 Metaspace       used 134594K, committed 135680K, reserved 1171456K
  class space    used 18148K, committed 18624K, reserved 1048576K
}
Event: 463.211 GC heap after
{Heap after GC invocations=56 (full 0):
 garbage-first heap   total 281600K, used 168586K [0x0000000080000000, 0x0000000100000000)
  region size 1024K, 2 young (2048K), 2 survivors (2048K)
 Metaspace       used 134594K, committed 135680K, reserved 1171456K
  class space    used 18148K, committed 18624K, reserved 1048576K
}
Event: 464.397 GC heap before
{Heap before GC invocations=56 (full 0):
 garbage-first heap   total 281600K, used 235146K [0x0000000080000000, 0x0000000100000000)
  region size 1024K, 67 young (68608K), 2 survivors (2048K)
 Metaspace       used 136680K, committed 137792K, reserved 1171456K
  class space    used 18420K, committed 18944K, reserved 1048576K
}
Event: 464.400 GC heap after
{Heap after GC invocations=57 (full 0):
 garbage-first heap   total 281600K, used 172671K [0x0000000080000000, 0x0000000100000000)
  region size 1024K, 6 young (6144K), 6 survivors (6144K)
 Metaspace       used 136680K, committed 137792K, reserved 1171456K
  class space    used 18420K, committed 18944K, reserved 1048576K
}

