# JRE version: OpenJDK Runtime Environment (17.0.6) (build 17.0.6+0-b2043.56-10027231)
# Java VM: OpenJDK 64-Bit Server VM (17.0.6+0-b2043.56-10027231, mixed mode, tiered, compressed oops, compressed class ptrs, g1 gc, windows-amd64)
GC Precious Log:
 CPUs: 16 total, 16 available
 Memory: 15613M
 Large Page Support: Disabled
 NUMA Support: Disabled
 Compressed Oops: Enabled (32-bit)
 Heap Region Size: 1M
 Heap Min Capacity: 8M
 Heap Initial Capacity: 244M
 Heap Max Capacity: 2G
 Pre-touch: Disabled
 Parallel Workers: 13
 Concurrent Workers: 3
 Concurrent Refinement Workers: 13
 Periodic GC: Disabled
Heap:
 garbage-first heap   total 290816K, used 214478K [0x0000000080000000, 0x0000000100000000)
  region size 1024K, 2 young (2048K), 2 survivors (2048K)
 Metaspace       used 133565K, committed 134336K, reserved 1171456K
  class space    used 19083K, committed 19456K, reserved 1048576K
GC Heap History (20 events):
Event: 26.373 GC heap after
{Heap after GC invocations=53 (full 0):
 garbage-first heap   total 241664K, used 149039K [0x0000000080000000, 0x0000000100000000)
  region size 1024K, 9 young (9216K), 9 survivors (9216K)
 Metaspace       used 115949K, committed 116672K, reserved 1155072K
  class space    used 15583K, committed 15936K, reserved 1048576K
}
Event: 26.897 GC heap before
{Heap before GC invocations=53 (full 0):
 garbage-first heap   total 241664K, used 201263K [0x0000000080000000, 0x0000000100000000)
  region size 1024K, 60 young (61440K), 9 survivors (9216K)
 Metaspace       used 117492K, committed 118272K, reserved 1155072K
  class space    used 15816K, committed 16192K, reserved 1048576K
}
Event: 26.902 GC heap after
{Heap after GC invocations=54 (full 0):
 garbage-first heap   total 241664K, used 156314K [0x0000000080000000, 0x0000000100000000)
  region size 1024K, 7 young (7168K), 7 survivors (7168K)
 Metaspace       used 117492K, committed 118272K, reserved 1155072K
  class space    used 15816K, committed 16192K, reserved 1048576K
}
Event: 27.673 GC heap before
{Heap before GC invocations=54 (full 0):
 garbage-first heap   total 241664K, used 203418K [0x0000000080000000, 0x0000000100000000)
  region size 1024K, 52 young (53248K), 7 survivors (7168K)
 Metaspace       used 121071K, committed 121920K, reserved 1155072K
  class space    used 16435K, committed 16832K, reserved 1048576K
}
Event: 27.678 GC heap after
{Heap after GC invocations=55 (full 0):
 garbage-first heap   total 241664K, used 156672K [0x0000000080000000, 0x0000000100000000)
  region size 1024K, 4 young (4096K), 4 survivors (4096K)
 Metaspace       used 121071K, committed 121920K, reserved 1155072K
  class space    used 16435K, committed 16832K, reserved 1048576K
}
Event: 27.927 GC heap before
{Heap before GC invocations=55 (full 0):
 garbage-first heap   total 241664K, used 201728K [0x0000000080000000, 0x0000000100000000)
  region size 1024K, 49 young (50176K), 4 survivors (4096K)
 Metaspace       used 121719K, committed 122496K, reserved 1155072K
  class space    used 16529K, committed 16896K, reserved 1048576K
}
Event: 27.934 GC heap after
{Heap after GC invocations=56 (full 0):
 garbage-first heap   total 241664K, used 165787K [0x0000000080000000, 0x0000000100000000)
  region size 1024K, 7 young (7168K), 7 survivors (7168K)
 Metaspace       used 121719K, committed 122496K, reserved 1155072K
  class space    used 16529K, committed 16896K, reserved 1048576K
}
Event: 28.522 GC heap before
{Heap before GC invocations=56 (full 0):
 garbage-first heap   total 241664K, used 200603K [0x0000000080000000, 0x0000000100000000)
  region size 1024K, 42 young (43008K), 7 survivors (7168K)
 Metaspace       used 125035K, committed 125824K, reserved 1163264K
  class space    used 17150K, committed 17536K, reserved 1048576K
}
Event: 28.530 GC heap after
{Heap after GC invocations=57 (full 0):
 garbage-first heap   total 290816K, used 171451K [0x0000000080000000, 0x0000000100000000)
  region size 1024K, 6 young (6144K), 6 survivors (6144K)
 Metaspace       used 125035K, committed 125824K, reserved 1163264K
  class space    used 17150K, committed 17536K, reserved 1048576K
}
Event: 28.757 GC heap before
{Heap before GC invocations=57 (full 0):
 garbage-first heap   total 290816K, used 233915K [0x0000000080000000, 0x0000000100000000)
  region size 1024K, 67 young (68608K), 6 survivors (6144K)
 Metaspace       used 125604K, committed 126400K, reserved 1163264K
  class space    used 17210K, committed 17600K, reserved 1048576K
}
Event: 28.765 GC heap after
{Heap after GC invocations=58 (full 0):
 garbage-first heap   total 290816K, used 182272K [0x0000000080000000, 0x0000000100000000)
  region size 1024K, 9 young (9216K), 9 survivors (9216K)
 Metaspace       used 125604K, committed 126400K, reserved 1163264K
  class space    used 17210K, committed 17600K, reserved 1048576K
}
Event: 29.389 GC heap before
{Heap before GC invocations=58 (full 0):
 garbage-first heap   total 290816K, used 237568K [0x0000000080000000, 0x0000000100000000)
  region size 1024K, 63 young (64512K), 9 survivors (9216K)
 Metaspace       used 128714K, committed 129536K, reserved 1163264K
  class space    used 18107K, committed 18496K, reserved 1048576K
}
Event: 29.397 GC heap after
{Heap after GC invocations=59 (full 0):
 garbage-first heap   total 290816K, used 190679K [0x0000000080000000, 0x0000000100000000)
  region size 1024K, 8 young (8192K), 8 survivors (8192K)
 Metaspace       used 128714K, committed 129536K, reserved 1163264K
  class space    used 18107K, committed 18496K, reserved 1048576K
}
Event: 29.580 GC heap before
{Heap before GC invocations=59 (full 0):
 garbage-first heap   total 290816K, used 239831K [0x0000000080000000, 0x0000000100000000)
  region size 1024K, 56 young (57344K), 8 survivors (8192K)
 Metaspace       used 129464K, committed 130304K, reserved 1163264K
  class space    used 18262K, committed 18688K, reserved 1048576K
}
Event: 29.587 GC heap after
{Heap after GC invocations=60 (full 0):
 garbage-first heap   total 290816K, used 198280K [0x0000000080000000, 0x0000000100000000)
  region size 1024K, 7 young (7168K), 7 survivors (7168K)
 Metaspace       used 129464K, committed 130304K, reserved 1163264K
  class space    used 18262K, committed 18688K, reserved 1048576K
}
Event: 29.645 GC heap before
{Heap before GC invocations=60 (full 0):
 garbage-first heap   total 290816K, used 242312K [0x0000000080000000, 0x0000000100000000)
  region size 1024K, 50 young (51200K), 7 survivors (7168K)
 Metaspace       used 129659K, committed 130496K, reserved 1163264K
  class space    used 18292K, committed 18688K, reserved 1048576K
}
Event: 29.652 GC heap after
{Heap after GC invocations=61 (full 0):
 garbage-first heap   total 290816K, used 206058K [0x0000000080000000, 0x0000000100000000)
  region size 1024K, 7 young (7168K), 7 survivors (7168K)
 Metaspace       used 129659K, committed 130496K, reserved 1163264K
  class space    used 18292K, committed 18688K, reserved 1048576K
}
Event: 29.751 GC heap before
{Heap before GC invocations=61 (full 0):
 garbage-first heap   total 290816K, used 243946K [0x0000000080000000, 0x0000000100000000)
  region size 1024K, 44 young (45056K), 7 survivors (7168K)
 Metaspace       used 130044K, committed 130880K, reserved 1163264K
  class space    used 18373K, committed 18752K, reserved 1048576K
}
Event: 29.757 GC heap after
{Heap after GC invocations=62 (full 0):
 garbage-first heap   total 290816K, used 212843K [0x0000000080000000, 0x0000000100000000)
  region size 1024K, 6 young (6144K), 6 survivors (6144K)
 Metaspace       used 130044K, committed 130880K, reserved 1163264K
  class space    used 18373K, committed 18752K, reserved 1048576K
}
Event: 30.306 GC heap before
{Heap before GC invocations=62 (full 0):
 garbage-first heap   total 290816K, used 234347K [0x0000000080000000, 0x0000000100000000)
  region size 1024K, 29 young (29696K), 6 survivors (6144K)
 Metaspace       used 133565K, committed 134336K, reserved 1171456K
  class space    used 19083K, committed 19456K, reserved 1048576K
}

