# JRE version: OpenJDK Runtime Environment (17.0.6) (build 17.0.6+0-b2043.56-10027231)
# Java VM: OpenJDK 64-Bit Server VM (17.0.6+0-b2043.56-10027231, mixed mode, tiered, compressed oops, compressed class ptrs, g1 gc, windows-amd64)
GC Precious Log:
 CPUs: 16 total, 16 available
 Memory: 15613M
 Large Page Support: Disabled
 NUMA Support: Disabled
 Compressed Oops: Enabled (32-bit)
 Heap Region Size: 1M
 Heap Min Capacity: 8M
 Heap Initial Capacity: 244M
 Heap Max Capacity: 2G
 Pre-touch: Disabled
 Parallel Workers: 13
 Concurrent Workers: 3
 Concurrent Refinement Workers: 13
 Periodic GC: Disabled
Heap:
 garbage-first heap   total 205824K, used 85540K [0x0000000080000000, 0x0000000100000000)
  region size 1024K, 4 young (4096K), 4 survivors (4096K)
 Metaspace       used 90879K, committed 91520K, reserved 1130496K
  class space    used 12495K, committed 12800K, reserved 1048576K
GC Heap History (20 events):
Event: 5.549 GC heap after
{Heap after GC invocations=28 (full 0):
 garbage-first heap   total 136192K, used 53229K [0x0000000080000000, 0x0000000100000000)
  region size 1024K, 3 young (3072K), 3 survivors (3072K)
 Metaspace       used 68571K, committed 69120K, reserved 1114112K
  class space    used 9001K, committed 9280K, reserved 1048576K
}
Event: 6.062 GC heap before
{Heap before GC invocations=28 (full 0):
 garbage-first heap   total 136192K, used 113645K [0x0000000080000000, 0x0000000100000000)
  region size 1024K, 56 young (57344K), 3 survivors (3072K)
 Metaspace       used 72667K, committed 73216K, reserved 1114112K
  class space    used 9530K, committed 9792K, reserved 1048576K
}
Event: 6.065 GC heap after
{Heap after GC invocations=29 (full 0):
 garbage-first heap   total 136192K, used 57904K [0x0000000080000000, 0x0000000100000000)
  region size 1024K, 7 young (7168K), 7 survivors (7168K)
 Metaspace       used 72667K, committed 73216K, reserved 1114112K
  class space    used 9530K, committed 9792K, reserved 1048576K
}
Event: 6.446 GC heap before
{Heap before GC invocations=29 (full 0):
 garbage-first heap   total 136192K, used 109104K [0x0000000080000000, 0x0000000100000000)
  region size 1024K, 56 young (57344K), 7 survivors (7168K)
 Metaspace       used 74955K, committed 75456K, reserved 1114112K
  class space    used 9866K, committed 10112K, reserved 1048576K
}
Event: 6.449 GC heap after
{Heap after GC invocations=30 (full 0):
 garbage-first heap   total 136192K, used 62489K [0x0000000080000000, 0x0000000100000000)
  region size 1024K, 5 young (5120K), 5 survivors (5120K)
 Metaspace       used 74955K, committed 75456K, reserved 1114112K
  class space    used 9866K, committed 10112K, reserved 1048576K
}
Event: 6.989 GC heap before
{Heap before GC invocations=30 (full 0):
 garbage-first heap   total 136192K, used 108569K [0x0000000080000000, 0x0000000100000000)
  region size 1024K, 50 young (51200K), 5 survivors (5120K)
 Metaspace       used 80135K, committed 80704K, reserved 1122304K
  class space    used 10751K, committed 11008K, reserved 1048576K
}
Event: 6.992 GC heap after
{Heap after GC invocations=31 (full 0):
 garbage-first heap   total 136192K, used 65449K [0x0000000080000000, 0x0000000100000000)
  region size 1024K, 4 young (4096K), 4 survivors (4096K)
 Metaspace       used 80135K, committed 80704K, reserved 1122304K
  class space    used 10751K, committed 11008K, reserved 1048576K
}
Event: 7.469 GC heap before
{Heap before GC invocations=31 (full 0):
 garbage-first heap   total 136192K, used 109481K [0x0000000080000000, 0x0000000100000000)
  region size 1024K, 47 young (48128K), 4 survivors (4096K)
 Metaspace       used 85936K, committed 86464K, reserved 1130496K
  class space    used 11603K, committed 11840K, reserved 1048576K
}
Event: 7.472 GC heap after
{Heap after GC invocations=32 (full 0):
 garbage-first heap   total 136192K, used 68138K [0x0000000080000000, 0x0000000100000000)
  region size 1024K, 6 young (6144K), 6 survivors (6144K)
 Metaspace       used 85936K, committed 86464K, reserved 1130496K
  class space    used 11603K, committed 11840K, reserved 1048576K
}
Event: 7.800 GC heap before
{Heap before GC invocations=33 (full 0):
 garbage-first heap   total 136192K, used 111146K [0x0000000080000000, 0x0000000100000000)
  region size 1024K, 48 young (49152K), 6 survivors (6144K)
 Metaspace       used 87891K, committed 88512K, reserved 1130496K
  class space    used 11875K, committed 12160K, reserved 1048576K
}
Event: 7.803 GC heap after
{Heap after GC invocations=34 (full 0):
 garbage-first heap   total 136192K, used 72765K [0x0000000080000000, 0x0000000100000000)
  region size 1024K, 6 young (6144K), 6 survivors (6144K)
 Metaspace       used 87891K, committed 88512K, reserved 1130496K
  class space    used 11875K, committed 12160K, reserved 1048576K
}
Event: 7.809 GC heap before
{Heap before GC invocations=34 (full 0):
 garbage-first heap   total 136192K, used 73789K [0x0000000080000000, 0x0000000100000000)
  region size 1024K, 7 young (7168K), 6 survivors (6144K)
 Metaspace       used 87900K, committed 88512K, reserved 1130496K
  class space    used 11875K, committed 12160K, reserved 1048576K
}
Event: 7.811 GC heap after
{Heap after GC invocations=35 (full 0):
 garbage-first heap   total 136192K, used 73688K [0x0000000080000000, 0x0000000100000000)
  region size 1024K, 1 young (1024K), 1 survivors (1024K)
 Metaspace       used 87900K, committed 88512K, reserved 1130496K
  class space    used 11875K, committed 12160K, reserved 1048576K
}
Event: 8.205 GC heap before
{Heap before GC invocations=35 (full 0):
 garbage-first heap   total 136192K, used 111576K [0x0000000080000000, 0x0000000100000000)
  region size 1024K, 38 young (38912K), 1 survivors (1024K)
 Metaspace       used 89581K, committed 90240K, reserved 1130496K
  class space    used 12214K, committed 12544K, reserved 1048576K
}
Event: 8.208 GC heap after
{Heap after GC invocations=36 (full 0):
 garbage-first heap   total 136192K, used 78938K [0x0000000080000000, 0x0000000100000000)
  region size 1024K, 5 young (5120K), 5 survivors (5120K)
 Metaspace       used 89581K, committed 90240K, reserved 1130496K
  class space    used 12214K, committed 12544K, reserved 1048576K
}
Event: 8.450 GC heap before
{Heap before GC invocations=37 (full 0):
 garbage-first heap   total 137216K, used 109658K [0x0000000080000000, 0x0000000100000000)
  region size 1024K, 36 young (36864K), 5 survivors (5120K)
 Metaspace       used 90741K, committed 91392K, reserved 1130496K
  class space    used 12495K, committed 12800K, reserved 1048576K
}
Event: 8.454 GC heap after
{Heap after GC invocations=38 (full 0):
 garbage-first heap   total 137216K, used 82714K [0x0000000080000000, 0x0000000100000000)
  region size 1024K, 4 young (4096K), 4 survivors (4096K)
 Metaspace       used 90741K, committed 91392K, reserved 1130496K
  class space    used 12495K, committed 12800K, reserved 1048576K
}
Event: 8.457 GC heap before
{Heap before GC invocations=38 (full 0):
 garbage-first heap   total 137216K, used 83738K [0x0000000080000000, 0x0000000100000000)
  region size 1024K, 6 young (6144K), 4 survivors (4096K)
 Metaspace       used 90742K, committed 91392K, reserved 1130496K
  class space    used 12495K, committed 12800K, reserved 1048576K
}
Event: 8.459 GC heap after
{Heap after GC invocations=39 (full 0):
 garbage-first heap   total 137216K, used 83133K [0x0000000080000000, 0x0000000100000000)
  region size 1024K, 1 young (1024K), 1 survivors (1024K)
 Metaspace       used 90742K, committed 91392K, reserved 1130496K
  class space    used 12495K, committed 12800K, reserved 1048576K
}
Event: 8.525 GC heap before
{Heap before GC invocations=39 (full 0):
 garbage-first heap   total 137216K, used 110781K [0x0000000080000000, 0x0000000100000000)
  region size 1024K, 29 young (29696K), 1 survivors (1024K)
 Metaspace       used 90879K, committed 91520K, reserved 1130496K
  class space    used 12495K, committed 12800K, reserved 1048576K
}

